#
# There is insufficient memory for the Java Runtime Environment to continue.
# Native memory allocation (mmap) failed to map 170917888 bytes for committing reserved memory.
# Possible reasons:
#   The system is out of physical RAM or swap space
#   The process is running with CompressedOops enabled, and the Java Heap may be blocking the growth of the native heap
# Possible solutions:
#   Reduce memory load on the system
#   Increase physical memory or swap space
#   Check if swap backing store is full
#   Decrease Java heap size (-Xmx/-Xms)
#   Decrease number of Java threads
#   Decrease Java thread stack sizes (-Xss)
#   Set larger code cache with -XX:ReservedCodeCacheSize=
#   JVM is running with Unscaled Compressed Oops mode in which the Java heap is
#     placed in the first 4GB address space. The Java Heap base address is the
#     maximum limit for the native heap growth. Please use -XX:HeapBaseMinAddress
#     to set the Java Heap base and to place the Java Heap above 4GB virtual address.
# This output file may be truncated or incomplete.
#
#  Out of Memory Error (os_linux.cpp:2976), pid=15965, tid=15974
#
# JRE version: OpenJDK Runtime Environment (11.0.11) (build 11.0.11+0-b60-7590822)
# Java VM: OpenJDK 64-Bit Server VM (11.0.11+0-b60-7590822, mixed mode, tiered, compressed oops, g1 gc, linux-amd64)
# Core dump will be written. Default location: Core dumps may be processed with "/usr/share/apport/apport %p %s %c %d %P %E" (or dumping to /home/khalid/AndroidStudioProjects/WisherBirthdayWishApp/core.15965)
#

---------------  S U M M A R Y ------------

Command Line: --add-opens=java.base/java.util=ALL-UNNAMED --add-opens=java.base/java.lang=ALL-UNNAMED --add-opens=java.base/java.lang.invoke=ALL-UNNAMED --add-opens=java.base/java.util=ALL-UNNAMED --add-opens=java.prefs/java.util.prefs=ALL-UNNAMED --add-opens=java.prefs/java.util.prefs=ALL-UNNAMED --add-opens=java.base/java.nio.charset=ALL-UNNAMED --add-opens=java.base/java.net=ALL-UNNAMED --add-opens=java.base/java.util.concurrent.atomic=ALL-UNNAMED -Xmx2048m -Dfile.encoding=UTF-8 -Duser.country=NG -Duser.language=en -Duser.variant org.gradle.launcher.daemon.bootstrap.GradleDaemon 7.2

Host: Intel(R) Core(TM) i3-2310M CPU @ 2.10GHz, 4 cores, 9G, Ubuntu 18.04.5 LTS
Time: Thu Mar 31 02:36:10 2022 WAT elapsed time: 271.506006 seconds (0d 0h 4m 31s)

---------------  T H R E A D  ---------------

Current thread (0x00007f8e2415c800):  VMThread "VM Thread" [stack: 0x00007f8e102f5000,0x00007f8e103f5000] [id=15974]

Stack: [0x00007f8e102f5000,0x00007f8e103f5000],  sp=0x00007f8e103f2e90,  free space=1015k
Native frames: (J=compiled Java code, A=aot compiled Java code, j=interpreted, Vv=VM code, C=native code)
V  [libjvm.so+0xecad1f]  VMError::report_and_die(int, char const*, char const*, __va_list_tag*, Thread*, unsigned char*, void*, void*, char const*, int, unsigned long)+0x7df
V  [libjvm.so+0xecb31a]  VMError::report_and_die(Thread*, char const*, int, unsigned long, VMErrorType, char const*, __va_list_tag*)+0x3a
V  [libjvm.so+0x87857a]  report_vm_out_of_memory(char const*, int, unsigned long, VMErrorType, char const*, ...)+0xba
V  [libjvm.so+0xd1a6d3]  os::Linux::commit_memory_impl(char*, unsigned long, bool)+0xe3
V  [libjvm.so+0xd1a867]  os::pd_commit_memory_or_exit(char*, unsigned long, unsigned long, bool, char const*)+0x27
V  [libjvm.so+0xd12b98]  os::commit_memory_or_exit(char*, unsigned long, unsigned long, bool, char const*)+0x18
V  [libjvm.so+0x952475]  G1PageBasedVirtualSpace::commit_internal(unsigned long, unsigned long)+0x195
V  [libjvm.so+0x9526ef]  G1PageBasedVirtualSpace::commit(unsigned long, unsigned long)+0x14f
V  [libjvm.so+0x958652]  G1RegionsLargerThanCommitSizeMapper::commit_regions(unsigned int, unsigned long, WorkGang*)+0x42
V  [libjvm.so+0x9bf6c8]  HeapRegionManager::commit_regions(unsigned int, unsigned long, WorkGang*)+0xb8
V  [libjvm.so+0x9bf975]  HeapRegionManager::make_regions_available(unsigned int, unsigned int, WorkGang*)+0x65
V  [libjvm.so+0x9bfe61]  HeapRegionManager::expand_at(unsigned int, unsigned int, WorkGang*)+0x111
V  [libjvm.so+0x91c221]  G1CollectedHeap::expand(unsigned long, WorkGang*, double*)+0xd1
V  [libjvm.so+0x922c0e]  G1CollectedHeap::do_collection_pause_at_safepoint(double)+0xaee
V  [libjvm.so+0xed58c1]  VM_G1CollectForAllocation::doit()+0xc1
V  [libjvm.so+0xecc809]  VM_Operation::evaluate()+0xc9
V  [libjvm.so+0xed4b27]  VMThread::evaluate_operation(VM_Operation*)+0x117
V  [libjvm.so+0xed46b0]  VMThread::loop()+0x450
V  [libjvm.so+0xed416f]  VMThread::run()+0x6f
V  [libjvm.so+0xe66dc8]  Thread::call_run()+0x68
V  [libjvm.so+0xd166fe]  thread_native_entry(Thread*)+0x1be

VM_Operation (0x00007f8dbfbedbf0): G1CollectForAllocation, mode: safepoint, requested by thread 0x00007f8dac009000


---------------  P R O C E S S  ---------------

Threads class SMR info:
_java_thread_list=0x00007f8dc40065f0, length=35, elements={
0x00007f8e24017000, 0x00007f8e24165800, 0x00007f8e24169800, 0x00007f8e2417e800,
0x00007f8e24180800, 0x00007f8e24182800, 0x00007f8e24185000, 0x00007f8e24187000,
0x00007f8e2421c000, 0x00007f8e25362000, 0x00007f8e253d8000, 0x00007f8e25417000,
0x00007f8db8018000, 0x00007f8dac004000, 0x00007f8dac007000, 0x00007f8dac009000,
0x00007f8da805e800, 0x00007f8da806b000, 0x00007f8da81f8800, 0x00007f8da81fd800,
0x00007f8da8210800, 0x00007f8da8008000, 0x00007f8da85ea800, 0x00007f8da85f6800,
0x00007f8da863c000, 0x00007f8da863d800, 0x00007f8da863f800, 0x00007f8da8641000,
0x00007f8da873a800, 0x00007f8da876e000, 0x00007f8da84dd800, 0x00007f8da83bb800,
0x00007f8da8b06800, 0x00007f8da8840800, 0x00007f8da8d4e000
}

Java Threads: ( => current thread )
  0x00007f8e24017000 JavaThread "main" [_thread_blocked, id=15968, stack(0x00007f8e2babd000,0x00007f8e2bbbe000)]
  0x00007f8e24165800 JavaThread "Reference Handler" daemon [_thread_blocked, id=15975, stack(0x00007f8e101f2000,0x00007f8e102f3000)]
  0x00007f8e24169800 JavaThread "Finalizer" daemon [_thread_blocked, id=15976, stack(0x00007f8e100f1000,0x00007f8e101f2000)]
  0x00007f8e2417e800 JavaThread "Signal Dispatcher" daemon [_thread_blocked, id=15977, stack(0x00007f8dfdc21000,0x00007f8dfdd22000)]
  0x00007f8e24180800 JavaThread "Service Thread" daemon [_thread_blocked, id=15978, stack(0x00007f8dfdb20000,0x00007f8dfdc21000)]
  0x00007f8e24182800 JavaThread "C2 CompilerThread0" daemon [_thread_blocked, id=15979, stack(0x00007f8dfda1f000,0x00007f8dfdb20000)]
  0x00007f8e24185000 JavaThread "C1 CompilerThread0" daemon [_thread_blocked, id=15980, stack(0x00007f8dfd91e000,0x00007f8dfda1f000)]
  0x00007f8e24187000 JavaThread "Sweeper thread" daemon [_thread_blocked, id=15981, stack(0x00007f8dfd81d000,0x00007f8dfd91e000)]
  0x00007f8e2421c000 JavaThread "Common-Cleaner" daemon [_thread_blocked, id=15984, stack(0x00007f8dfd71c000,0x00007f8dfd81d000)]
  0x00007f8e25362000 JavaThread "Daemon health stats" [_thread_blocked, id=15991, stack(0x00007f8dfc519000,0x00007f8dfc61a000)]
  0x00007f8e253d8000 JavaThread "Incoming local TCP Connector on port 38421" [_thread_in_native, id=15992, stack(0x00007f8dfc218000,0x00007f8dfc319000)]
  0x00007f8e25417000 JavaThread "Daemon periodic checks" [_thread_blocked, id=15993, stack(0x00007f8dbfeff000,0x00007f8dc0000000)]
  0x00007f8db8018000 JavaThread "Daemon" [_thread_blocked, id=15994, stack(0x00007f8dbfdfe000,0x00007f8dbfeff000)]
  0x00007f8dac004000 JavaThread "Handler for socket connection from /127.0.0.1:38421 to /127.0.0.1:45652" [_thread_in_native, id=15995, stack(0x00007f8dbfcfd000,0x00007f8dbfdfe000)]
  0x00007f8dac007000 JavaThread "Cancel handler" [_thread_blocked, id=15996, stack(0x00007f8dbfbfc000,0x00007f8dbfcfd000)]
  0x00007f8dac009000 JavaThread "Daemon worker" [_thread_blocked, id=15997, stack(0x00007f8dbfafb000,0x00007f8dbfbfc000)]
  0x00007f8da805e800 JavaThread "Asynchronous log dispatcher for DefaultDaemonConnection: socket connection from /127.0.0.1:38421 to /127.0.0.1:45652" [_thread_blocked, id=16000, stack(0x00007f8dbf9fa000,0x00007f8dbfafb000)]
  0x00007f8da806b000 JavaThread "Daemon client event forwarder" [_thread_blocked, id=16002, stack(0x00007f8dbf7f8000,0x00007f8dbf8f9000)]
  0x00007f8da81f8800 JavaThread "Cache worker for journal cache (/home/khalid/.gradle/caches/journal-1)" [_thread_blocked, id=16004, stack(0x00007f8dbf3f5000,0x00007f8dbf4f6000)]
  0x00007f8da81fd800 JavaThread "File lock request listener" [_thread_in_native, id=16005, stack(0x00007f8dbf2f4000,0x00007f8dbf3f5000)]
  0x00007f8da8210800 JavaThread "Cache worker for file hash cache (/home/khalid/.gradle/caches/7.2/fileHashes)" [_thread_blocked, id=16007, stack(0x00007f8dbf1f3000,0x00007f8dbf2f4000)]
  0x00007f8da8008000 JavaThread "Cache worker for file hash cache (/home/khalid/AndroidStudioProjects/WisherBirthdayWishApp/.gradle/7.2/fileHashes)" [_thread_blocked, id=16008, stack(0x00007f8dbecf2000,0x00007f8dbedf3000)]
  0x00007f8da85ea800 JavaThread "File watcher server" daemon [_thread_in_native, id=16009, stack(0x00007f8dbe9f1000,0x00007f8dbeaf2000)]
  0x00007f8da85f6800 JavaThread "File watcher consumer" daemon [_thread_blocked, id=16010, stack(0x00007f8dbe8f0000,0x00007f8dbe9f1000)]
  0x00007f8da863c000 JavaThread "jar transforms" [_thread_blocked, id=16011, stack(0x00007f8dbe7ef000,0x00007f8dbe8f0000)]
  0x00007f8da863d800 JavaThread "jar transforms Thread 2" [_thread_blocked, id=16012, stack(0x00007f8dbe6ee000,0x00007f8dbe7ef000)]
  0x00007f8da863f800 JavaThread "jar transforms Thread 3" [_thread_blocked, id=16013, stack(0x00007f8dbe5ed000,0x00007f8dbe6ee000)]
  0x00007f8da8641000 JavaThread "jar transforms Thread 4" [_thread_blocked, id=16014, stack(0x00007f8dbe4ec000,0x00007f8dbe5ed000)]
  0x00007f8da873a800 JavaThread "Cache worker for checksums cache (/home/khalid/AndroidStudioProjects/WisherBirthdayWishApp/.gradle/checksums)" [_thread_blocked, id=16015, stack(0x00007f8dbe3eb000,0x00007f8dbe4ec000)]
  0x00007f8da876e000 JavaThread "Cache worker for cache directory md-supplier (/home/khalid/.gradle/caches/7.2/md-supplier)" [_thread_blocked, id=16016, stack(0x00007f8dbe0ea000,0x00007f8dbe1eb000)]
  0x00007f8da84dd800 JavaThread "Cache worker for cache directory md-rule (/home/khalid/.gradle/caches/7.2/md-rule)" [_thread_blocked, id=16017, stack(0x00007f8dbdfe9000,0x00007f8dbe0ea000)]
  0x00007f8da83bb800 JavaThread "Cache worker for execution history cache (/home/khalid/.gradle/caches/7.2/executionHistory)" [_thread_blocked, id=16018, stack(0x00007f8dbdee8000,0x00007f8dbdfe9000)]
  0x00007f8da8b06800 JavaThread "Cache worker for file content cache (/home/khalid/.gradle/caches/7.2/fileContent)" [_thread_blocked, id=16019, stack(0x00007f8dbd5e7000,0x00007f8dbd6e8000)]
  0x00007f8da8840800 JavaThread "Cache worker for dependencies-accessors (/home/khalid/AndroidStudioProjects/WisherBirthdayWishApp/.gradle/7.2/dependencies-accessors)" [_thread_blocked, id=16031, stack(0x00007f8dbcee6000,0x00007f8dbcfe7000)]
  0x00007f8da8d4e000 JavaThread "Cache worker for Build Output Cleanup Cache (/home/khalid/AndroidStudioProjects/WisherBirthdayWishApp/.gradle/buildOutputCleanup)" [_thread_blocked, id=16037, stack(0x00007f8dbcbe5000,0x00007f8dbcce6000)]

Other Threads:
=>0x00007f8e2415c800 VMThread "VM Thread" [stack: 0x00007f8e102f5000,0x00007f8e103f5000] [id=15974]
  0x00007f8e24222800 WatcherThread [stack: 0x00007f8dfd61c000,0x00007f8dfd71c000] [id=15985]
  0x00007f8e2402f000 GCTaskThread "GC Thread#0" [stack: 0x00007f8e29051000,0x00007f8e29151000] [id=15969]
  0x00007f8df4001000 GCTaskThread "GC Thread#1" [stack: 0x00007f8dfd51a000,0x00007f8dfd61a000] [id=15986]
  0x00007f8df4002800 GCTaskThread "GC Thread#2" [stack: 0x00007f8dfd418000,0x00007f8dfd518000] [id=15987]
  0x00007f8df403e000 GCTaskThread "GC Thread#3" [stack: 0x00007f8dbf4f8000,0x00007f8dbf5f8000] [id=16003]
  0x00007f8e24061800 ConcurrentGCThread "G1 Main Marker" [stack: 0x00007f8e11426000,0x00007f8e11526000] [id=15970]
  0x00007f8e24063800 ConcurrentGCThread "G1 Conc#0" [stack: 0x00007f8e11324000,0x00007f8e11424000] [id=15971]
  0x00007f8e240f6800 ConcurrentGCThread "G1 Refine#0" [stack: 0x00007f8e10e1e000,0x00007f8e10f1e000] [id=15972]
  0x00007f8e240f8800 ConcurrentGCThread "G1 Young RemSet Sampling" [stack: 0x00007f8e10d1c000,0x00007f8e10e1c000] [id=15973]

Threads with active compile tasks:

VM state:at safepoint (normal execution)

VM Mutex/Monitor currently owned by a thread:  ([mutex/lock_event])
[0x00007f8e240134c0] Threads_lock - owner thread: 0x00007f8e2415c800
[0x00007f8e24013ca0] Heap_lock - owner thread: 0x00007f8dac009000

Heap address: 0x0000000080000000, size: 2048 MB, Compressed Oops mode: 32-bit
Narrow klass base: 0x0000000000000000, Narrow klass shift: 3
Compressed class space size: 1073741824 Address: 0x0000000100000000

Heap:
 garbage-first heap   total 326656K, used 56668K [0x0000000080000000, 0x0000000100000000)
  region size 1024K, 1 young (1024K), 1 survivors (1024K)
 Metaspace       used 48121K, capacity 49517K, committed 49584K, reserved 1091584K
  class space    used 6165K, capacity 6621K, committed 6656K, reserved 1048576K
Heap Regions: E=young(eden), S=young(survivor), O=old, HS=humongous(starts), HC=humongous(continues), CS=collection set, F=free, A=archive, TAMS=top-at-mark-start (previous, next)
|   0|0x0000000080000000, 0x0000000080100000, 0x0000000080100000|100%| O|  |TAMS 0x0000000080100000, 0x0000000080000000| Untracked 
|   1|0x0000000080100000, 0x0000000080200000, 0x0000000080200000|100%| O|  |TAMS 0x0000000080200000, 0x0000000080100000| Untracked 
|   2|0x0000000080200000, 0x0000000080300000, 0x0000000080300000|100%| O|  |TAMS 0x0000000080300000, 0x0000000080200000| Untracked 
|   3|0x0000000080300000, 0x0000000080400000, 0x0000000080400000|100%|HS|  |TAMS 0x0000000080400000, 0x0000000080300000| Complete 
|   4|0x0000000080400000, 0x0000000080500000, 0x0000000080500000|100%|HC|  |TAMS 0x0000000080500000, 0x0000000080400000| Complete 
|   5|0x0000000080500000, 0x0000000080600000, 0x0000000080600000|100%|HC|  |TAMS 0x0000000080600000, 0x0000000080500000| Complete 
|   6|0x0000000080600000, 0x0000000080700000, 0x0000000080700000|100%| O|  |TAMS 0x0000000080700000, 0x0000000080600000| Untracked 
|   7|0x0000000080700000, 0x0000000080800000, 0x0000000080800000|100%| O|  |TAMS 0x0000000080800000, 0x0000000080700000| Untracked 
|   8|0x0000000080800000, 0x0000000080900000, 0x0000000080900000|100%| O|  |TAMS 0x0000000080900000, 0x0000000080800000| Untracked 
|   9|0x0000000080900000, 0x0000000080a00000, 0x0000000080a00000|100%| O|  |TAMS 0x0000000080a00000, 0x0000000080900000| Untracked 
|  10|0x0000000080a00000, 0x0000000080b00000, 0x0000000080b00000|100%| O|  |TAMS 0x0000000080b00000, 0x0000000080a00000| Untracked 
|  11|0x0000000080b00000, 0x0000000080c00000, 0x0000000080c00000|100%| O|  |TAMS 0x0000000080c00000, 0x0000000080b00000| Untracked 
|  12|0x0000000080c00000, 0x0000000080d00000, 0x0000000080d00000|100%| O|  |TAMS 0x0000000080d00000, 0x0000000080c00000| Untracked 
|  13|0x0000000080d00000, 0x0000000080e00000, 0x0000000080e00000|100%| O|  |TAMS 0x0000000080e00000, 0x0000000080d00000| Untracked 
|  14|0x0000000080e00000, 0x0000000080f00000, 0x0000000080f00000|100%| O|  |TAMS 0x0000000080f00000, 0x0000000080e00000| Untracked 
|  15|0x0000000080f00000, 0x0000000081000000, 0x0000000081000000|100%| O|  |TAMS 0x0000000081000000, 0x0000000080f00000| Untracked 
|  16|0x0000000081000000, 0x0000000081100000, 0x0000000081100000|100%| O|  |TAMS 0x0000000081100000, 0x0000000081000000| Untracked 
|  17|0x0000000081100000, 0x0000000081200000, 0x0000000081200000|100%|HS|  |TAMS 0x0000000081200000, 0x0000000081100000| Complete 
|  18|0x0000000081200000, 0x0000000081300000, 0x0000000081300000|100%|HC|  |TAMS 0x0000000081300000, 0x0000000081200000| Complete 
|  19|0x0000000081300000, 0x0000000081400000, 0x0000000081400000|100%|HS|  |TAMS 0x0000000081400000, 0x0000000081300000| Complete 
|  20|0x0000000081400000, 0x0000000081500000, 0x0000000081500000|100%|HC|  |TAMS 0x0000000081500000, 0x0000000081400000| Complete 
|  21|0x0000000081500000, 0x0000000081600000, 0x0000000081600000|100%|HC|  |TAMS 0x0000000081600000, 0x0000000081500000| Complete 
|  22|0x0000000081600000, 0x0000000081700000, 0x0000000081700000|100%|HS|  |TAMS 0x0000000081700000, 0x0000000081600000| Complete 
|  23|0x0000000081700000, 0x0000000081800000, 0x0000000081800000|100%|HC|  |TAMS 0x0000000081800000, 0x0000000081700000| Complete 
|  24|0x0000000081800000, 0x0000000081900000, 0x0000000081900000|100%|HC|  |TAMS 0x0000000081900000, 0x0000000081800000| Complete 
|  25|0x0000000081900000, 0x0000000081a00000, 0x0000000081a00000|100%|HC|  |TAMS 0x0000000081a00000, 0x0000000081900000| Complete 
|  26|0x0000000081a00000, 0x0000000081b00000, 0x0000000081b00000|100%| O|  |TAMS 0x0000000081b00000, 0x0000000081a00000| Untracked 
|  27|0x0000000081b00000, 0x0000000081c00000, 0x0000000081c00000|100%| O|  |TAMS 0x0000000081c00000, 0x0000000081b00000| Untracked 
|  28|0x0000000081c00000, 0x0000000081d00000, 0x0000000081d00000|100%| O|  |TAMS 0x0000000081d00000, 0x0000000081c00000| Untracked 
|  29|0x0000000081d00000, 0x0000000081e00000, 0x0000000081e00000|100%| O|  |TAMS 0x0000000081e00000, 0x0000000081d00000| Untracked 
|  30|0x0000000081e00000, 0x0000000081f00000, 0x0000000081f00000|100%| O|  |TAMS 0x0000000081f00000, 0x0000000081e00000| Untracked 
|  31|0x0000000081f00000, 0x0000000082000000, 0x0000000082000000|100%| O|  |TAMS 0x0000000082000000, 0x0000000081f00000| Untracked 
|  32|0x0000000082000000, 0x0000000082100000, 0x0000000082100000|100%| O|  |TAMS 0x0000000082100000, 0x0000000082000000| Untracked 
|  33|0x0000000082100000, 0x0000000082200000, 0x0000000082200000|100%| O|  |TAMS 0x0000000082135600, 0x0000000082100000| Untracked 
|  34|0x0000000082200000, 0x0000000082300000, 0x0000000082300000|100%|HS|  |TAMS 0x0000000082200000, 0x0000000082200000| Complete 
|  35|0x0000000082300000, 0x0000000082400000, 0x0000000082400000|100%|HC|  |TAMS 0x0000000082300000, 0x0000000082300000| Complete 
|  36|0x0000000082400000, 0x0000000082500000, 0x0000000082500000|100%|HC|  |TAMS 0x0000000082400000, 0x0000000082400000| Complete 
|  37|0x0000000082500000, 0x0000000082600000, 0x0000000082600000|100%| O|  |TAMS 0x0000000082500000, 0x0000000082500000| Untracked 
|  38|0x0000000082600000, 0x0000000082700000, 0x0000000082700000|100%| O|  |TAMS 0x0000000082600000, 0x0000000082600000| Untracked 
|  39|0x0000000082700000, 0x0000000082800000, 0x0000000082800000|100%| O|  |TAMS 0x0000000082700000, 0x0000000082700000| Untracked 
|  40|0x0000000082800000, 0x0000000082900000, 0x0000000082900000|100%| O|  |TAMS 0x0000000082800000, 0x0000000082800000| Untracked 
|  41|0x0000000082900000, 0x0000000082a00000, 0x0000000082a00000|100%| O|  |TAMS 0x0000000082900000, 0x0000000082900000| Untracked 
|  42|0x0000000082a00000, 0x0000000082b00000, 0x0000000082b00000|100%| O|  |TAMS 0x0000000082a00000, 0x0000000082a00000| Untracked 
|  43|0x0000000082b00000, 0x0000000082c00000, 0x0000000082c00000|100%| O|  |TAMS 0x0000000082b00000, 0x0000000082b00000| Untracked 
|  44|0x0000000082c00000, 0x0000000082d00000, 0x0000000082d00000|100%| O|  |TAMS 0x0000000082c00000, 0x0000000082c00000| Untracked 
|  45|0x0000000082d00000, 0x0000000082e00000, 0x0000000082e00000|100%| O|  |TAMS 0x0000000082d00000, 0x0000000082d00000| Untracked 
|  46|0x0000000082e00000, 0x0000000082f00000, 0x0000000082f00000|100%| O|  |TAMS 0x0000000082e00000, 0x0000000082e00000| Untracked 
|  47|0x0000000082f00000, 0x0000000083000000, 0x0000000083000000|100%|HS|  |TAMS 0x0000000082f00000, 0x0000000082f00000| Complete 
|  48|0x0000000083000000, 0x0000000083100000, 0x0000000083100000|100%|HC|  |TAMS 0x0000000083000000, 0x0000000083000000| Complete 
|  49|0x0000000083100000, 0x0000000083200000, 0x0000000083200000|100%|HC|  |TAMS 0x0000000083100000, 0x0000000083100000| Complete 
|  50|0x0000000083200000, 0x0000000083300000, 0x0000000083300000|100%|HC|  |TAMS 0x0000000083200000, 0x0000000083200000| Complete 
|  51|0x0000000083300000, 0x0000000083400000, 0x0000000083400000|100%| O|  |TAMS 0x0000000083300000, 0x0000000083300000| Untracked 
|  52|0x0000000083400000, 0x0000000083500000, 0x0000000083500000|100%| O|  |TAMS 0x0000000083400000, 0x0000000083400000| Untracked 
|  53|0x0000000083500000, 0x0000000083600000, 0x0000000083600000|100%| O|  |TAMS 0x0000000083500000, 0x0000000083500000| Untracked 
|  54|0x0000000083600000, 0x00000000836acc00, 0x0000000083700000| 67%| O|  |TAMS 0x0000000083600000, 0x0000000083600000| Untracked 
|  55|0x0000000083700000, 0x0000000083700000, 0x0000000083800000|  0%| F|  |TAMS 0x0000000083700000, 0x0000000083700000| Untracked 
|  56|0x0000000083800000, 0x0000000083800000, 0x0000000083900000|  0%| F|  |TAMS 0x0000000083800000, 0x0000000083800000| Untracked 
|  57|0x0000000083900000, 0x0000000083900000, 0x0000000083a00000|  0%| F|  |TAMS 0x0000000083900000, 0x0000000083900000| Untracked 
|  58|0x0000000083a00000, 0x0000000083a00000, 0x0000000083b00000|  0%| F|  |TAMS 0x0000000083a00000, 0x0000000083a00000| Untracked 
|  59|0x0000000083b00000, 0x0000000083b00000, 0x0000000083c00000|  0%| F|  |TAMS 0x0000000083b00000, 0x0000000083b00000| Untracked 
|  60|0x0000000083c00000, 0x0000000083c00000, 0x0000000083d00000|  0%| F|  |TAMS 0x0000000083c00000, 0x0000000083c00000| Untracked 
|  61|0x0000000083d00000, 0x0000000083d00000, 0x0000000083e00000|  0%| F|  |TAMS 0x0000000083d00000, 0x0000000083d00000| Untracked 
|  62|0x0000000083e00000, 0x0000000083e00000, 0x0000000083f00000|  0%| F|  |TAMS 0x0000000083e00000, 0x0000000083e00000| Untracked 
|  63|0x0000000083f00000, 0x0000000083f00000, 0x0000000084000000|  0%| F|  |TAMS 0x0000000083f00000, 0x0000000083f00000| Untracked 
|  64|0x0000000084000000, 0x0000000084000000, 0x0000000084100000|  0%| F|  |TAMS 0x0000000084000000, 0x0000000084000000| Untracked 
|  65|0x0000000084100000, 0x0000000084100000, 0x0000000084200000|  0%| F|  |TAMS 0x0000000084100000, 0x0000000084100000| Untracked 
|  66|0x0000000084200000, 0x0000000084200000, 0x0000000084300000|  0%| F|  |TAMS 0x0000000084200000, 0x0000000084200000| Untracked 
|  67|0x0000000084300000, 0x0000000084300000, 0x0000000084400000|  0%| F|  |TAMS 0x0000000084300000, 0x0000000084300000| Untracked 
|  68|0x0000000084400000, 0x0000000084400000, 0x0000000084500000|  0%| F|  |TAMS 0x0000000084400000, 0x0000000084400000| Untracked 
|  69|0x0000000084500000, 0x0000000084500000, 0x0000000084600000|  0%| F|  |TAMS 0x0000000084500000, 0x0000000084500000| Untracked 
|  70|0x0000000084600000, 0x0000000084600000, 0x0000000084700000|  0%| F|  |TAMS 0x0000000084600000, 0x0000000084600000| Untracked 
|  71|0x0000000084700000, 0x0000000084700000, 0x0000000084800000|  0%| F|  |TAMS 0x0000000084700000, 0x0000000084700000| Untracked 
|  72|0x0000000084800000, 0x0000000084800000, 0x0000000084900000|  0%| F|  |TAMS 0x0000000084800000, 0x0000000084800000| Untracked 
|  73|0x0000000084900000, 0x0000000084900000, 0x0000000084a00000|  0%| F|  |TAMS 0x0000000084900000, 0x0000000084900000| Untracked 
|  74|0x0000000084a00000, 0x0000000084a00000, 0x0000000084b00000|  0%| F|  |TAMS 0x0000000084a00000, 0x0000000084a00000| Untracked 
|  75|0x0000000084b00000, 0x0000000084b00000, 0x0000000084c00000|  0%| F|  |TAMS 0x0000000084b00000, 0x0000000084b00000| Untracked 
|  76|0x0000000084c00000, 0x0000000084c00000, 0x0000000084d00000|  0%| F|  |TAMS 0x0000000084c00000, 0x0000000084c00000| Untracked 
|  77|0x0000000084d00000, 0x0000000084d00000, 0x0000000084e00000|  0%| F|  |TAMS 0x0000000084d00000, 0x0000000084d00000| Untracked 
|  78|0x0000000084e00000, 0x0000000084e00000, 0x0000000084f00000|  0%| F|  |TAMS 0x0000000084e00000, 0x0000000084e00000| Untracked 
|  79|0x0000000084f00000, 0x0000000084f00000, 0x0000000085000000|  0%| F|  |TAMS 0x0000000084f00000, 0x0000000084f00000| Untracked 
|  80|0x0000000085000000, 0x0000000085000000, 0x0000000085100000|  0%| F|  |TAMS 0x0000000085000000, 0x0000000085000000| Untracked 
|  81|0x0000000085100000, 0x0000000085100000, 0x0000000085200000|  0%| F|  |TAMS 0x0000000085100000, 0x0000000085100000| Untracked 
|  82|0x0000000085200000, 0x0000000085200000, 0x0000000085300000|  0%| F|  |TAMS 0x0000000085200000, 0x0000000085200000| Untracked 
|  83|0x0000000085300000, 0x0000000085300000, 0x0000000085400000|  0%| F|  |TAMS 0x0000000085300000, 0x0000000085300000| Untracked 
|  84|0x0000000085400000, 0x0000000085400000, 0x0000000085500000|  0%| F|  |TAMS 0x0000000085400000, 0x0000000085400000| Untracked 
|  85|0x0000000085500000, 0x0000000085500000, 0x0000000085600000|  0%| F|  |TAMS 0x0000000085500000, 0x0000000085500000| Untracked 
|  86|0x0000000085600000, 0x0000000085600000, 0x0000000085700000|  0%| F|  |TAMS 0x0000000085600000, 0x0000000085600000| Untracked 
|  87|0x0000000085700000, 0x0000000085700000, 0x0000000085800000|  0%| F|  |TAMS 0x0000000085700000, 0x0000000085700000| Untracked 
|  88|0x0000000085800000, 0x0000000085800000, 0x0000000085900000|  0%| F|  |TAMS 0x0000000085800000, 0x0000000085800000| Untracked 
|  89|0x0000000085900000, 0x0000000085900000, 0x0000000085a00000|  0%| F|  |TAMS 0x0000000085900000, 0x0000000085900000| Untracked 
|  90|0x0000000085a00000, 0x0000000085a00000, 0x0000000085b00000|  0%| F|  |TAMS 0x0000000085a00000, 0x0000000085a00000| Untracked 
|  91|0x0000000085b00000, 0x0000000085b00000, 0x0000000085c00000|  0%| F|  |TAMS 0x0000000085b00000, 0x0000000085b00000| Untracked 
|  92|0x0000000085c00000, 0x0000000085c00000, 0x0000000085d00000|  0%| F|  |TAMS 0x0000000085c00000, 0x0000000085c00000| Untracked 
|  93|0x0000000085d00000, 0x0000000085d00000, 0x0000000085e00000|  0%| F|  |TAMS 0x0000000085d00000, 0x0000000085d00000| Untracked 
|  94|0x0000000085e00000, 0x0000000085e00000, 0x0000000085f00000|  0%| F|  |TAMS 0x0000000085e00000, 0x0000000085e00000| Untracked 
|  95|0x0000000085f00000, 0x0000000085f00000, 0x0000000086000000|  0%| F|  |TAMS 0x0000000085f00000, 0x0000000085f00000| Untracked 
|  96|0x0000000086000000, 0x0000000086000000, 0x0000000086100000|  0%| F|  |TAMS 0x0000000086000000, 0x0000000086000000| Untracked 
|  97|0x0000000086100000, 0x0000000086100000, 0x0000000086200000|  0%| F|  |TAMS 0x0000000086100000, 0x0000000086100000| Untracked 
|  98|0x0000000086200000, 0x0000000086200000, 0x0000000086300000|  0%| F|  |TAMS 0x0000000086200000, 0x0000000086200000| Untracked 
|  99|0x0000000086300000, 0x0000000086300000, 0x0000000086400000|  0%| F|  |TAMS 0x0000000086300000, 0x0000000086300000| Untracked 
| 100|0x0000000086400000, 0x0000000086400000, 0x0000000086500000|  0%| F|  |TAMS 0x0000000086400000, 0x0000000086400000| Untracked 
| 101|0x0000000086500000, 0x0000000086500000, 0x0000000086600000|  0%| F|  |TAMS 0x0000000086500000, 0x0000000086500000| Untracked 
| 102|0x0000000086600000, 0x0000000086600000, 0x0000000086700000|  0%| F|  |TAMS 0x0000000086600000, 0x0000000086600000| Untracked 
| 103|0x0000000086700000, 0x0000000086700000, 0x0000000086800000|  0%| F|  |TAMS 0x0000000086700000, 0x0000000086700000| Untracked 
| 104|0x0000000086800000, 0x0000000086800000, 0x0000000086900000|  0%| F|  |TAMS 0x0000000086800000, 0x0000000086800000| Untracked 
| 105|0x0000000086900000, 0x0000000086900000, 0x0000000086a00000|  0%| F|  |TAMS 0x0000000086900000, 0x0000000086900000| Untracked 
| 106|0x0000000086a00000, 0x0000000086a00000, 0x0000000086b00000|  0%| F|  |TAMS 0x0000000086a00000, 0x0000000086a00000| Untracked 
| 107|0x0000000086b00000, 0x0000000086b00000, 0x0000000086c00000|  0%| F|  |TAMS 0x0000000086b00000, 0x0000000086b00000| Untracked 
| 108|0x0000000086c00000, 0x0000000086c00000, 0x0000000086d00000|  0%| F|  |TAMS 0x0000000086c00000, 0x0000000086c00000| Untracked 
| 109|0x0000000086d00000, 0x0000000086d00000, 0x0000000086e00000|  0%| F|  |TAMS 0x0000000086d00000, 0x0000000086d00000| Untracked 
| 110|0x0000000086e00000, 0x0000000086e00000, 0x0000000086f00000|  0%| F|  |TAMS 0x0000000086e00000, 0x0000000086e00000| Untracked 
| 111|0x0000000086f00000, 0x0000000086f00000, 0x0000000087000000|  0%| F|  |TAMS 0x0000000086f00000, 0x0000000086f00000| Untracked 
| 112|0x0000000087000000, 0x0000000087000000, 0x0000000087100000|  0%| F|  |TAMS 0x0000000087000000, 0x0000000087000000| Untracked 
| 113|0x0000000087100000, 0x0000000087100000, 0x0000000087200000|  0%| F|  |TAMS 0x0000000087100000, 0x0000000087100000| Untracked 
| 114|0x0000000087200000, 0x0000000087200000, 0x0000000087300000|  0%| F|  |TAMS 0x0000000087200000, 0x0000000087200000| Untracked 
| 115|0x0000000087300000, 0x0000000087300000, 0x0000000087400000|  0%| F|  |TAMS 0x0000000087300000, 0x0000000087300000| Untracked 
| 116|0x0000000087400000, 0x0000000087400000, 0x0000000087500000|  0%| F|  |TAMS 0x0000000087400000, 0x0000000087400000| Untracked 
| 117|0x0000000087500000, 0x0000000087500000, 0x0000000087600000|  0%| F|  |TAMS 0x0000000087500000, 0x0000000087500000| Untracked 
| 118|0x0000000087600000, 0x0000000087600000, 0x0000000087700000|  0%| F|  |TAMS 0x0000000087600000, 0x0000000087600000| Untracked 
| 119|0x0000000087700000, 0x0000000087700000, 0x0000000087800000|  0%| F|  |TAMS 0x0000000087700000, 0x0000000087700000| Untracked 
| 120|0x0000000087800000, 0x0000000087800000, 0x0000000087900000|  0%| F|  |TAMS 0x0000000087800000, 0x0000000087800000| Untracked 
| 121|0x0000000087900000, 0x0000000087900000, 0x0000000087a00000|  0%| F|  |TAMS 0x0000000087900000, 0x0000000087900000| Untracked 
| 122|0x0000000087a00000, 0x0000000087a00000, 0x0000000087b00000|  0%| F|  |TAMS 0x0000000087a00000, 0x0000000087a00000| Untracked 
| 123|0x0000000087b00000, 0x0000000087b00000, 0x0000000087c00000|  0%| F|  |TAMS 0x0000000087b00000, 0x0000000087b00000| Untracked 
| 124|0x0000000087c00000, 0x0000000087c00000, 0x0000000087d00000|  0%| F|  |TAMS 0x0000000087c00000, 0x0000000087c00000| Untracked 
| 125|0x0000000087d00000, 0x0000000087d00000, 0x0000000087e00000|  0%| F|  |TAMS 0x0000000087d00000, 0x0000000087d00000| Untracked 
| 126|0x0000000087e00000, 0x0000000087e00000, 0x0000000087f00000|  0%| F|  |TAMS 0x0000000087e00000, 0x0000000087e00000| Untracked 
| 127|0x0000000087f00000, 0x0000000087f00000, 0x0000000088000000|  0%| F|  |TAMS 0x0000000087f00000, 0x0000000087f00000| Untracked 
| 128|0x0000000088000000, 0x0000000088000000, 0x0000000088100000|  0%| F|  |TAMS 0x0000000088000000, 0x0000000088000000| Untracked 
| 129|0x0000000088100000, 0x0000000088100000, 0x0000000088200000|  0%| F|  |TAMS 0x0000000088100000, 0x0000000088100000| Untracked 
| 130|0x0000000088200000, 0x0000000088200000, 0x0000000088300000|  0%| F|  |TAMS 0x0000000088200000, 0x0000000088200000| Untracked 
| 131|0x0000000088300000, 0x0000000088300000, 0x0000000088400000|  0%| F|  |TAMS 0x0000000088300000, 0x0000000088300000| Untracked 
| 132|0x0000000088400000, 0x0000000088400000, 0x0000000088500000|  0%| F|  |TAMS 0x0000000088400000, 0x0000000088400000| Untracked 
| 133|0x0000000088500000, 0x0000000088500000, 0x0000000088600000|  0%| F|  |TAMS 0x0000000088500000, 0x0000000088500000| Untracked 
| 134|0x0000000088600000, 0x0000000088600000, 0x0000000088700000|  0%| F|  |TAMS 0x0000000088600000, 0x0000000088600000| Untracked 
| 135|0x0000000088700000, 0x0000000088700000, 0x0000000088800000|  0%| F|  |TAMS 0x0000000088700000, 0x0000000088700000| Untracked 
| 136|0x0000000088800000, 0x0000000088800000, 0x0000000088900000|  0%| F|  |TAMS 0x0000000088800000, 0x0000000088800000| Untracked 
| 137|0x0000000088900000, 0x0000000088900000, 0x0000000088a00000|  0%| F|  |TAMS 0x0000000088900000, 0x0000000088900000| Untracked 
| 138|0x0000000088a00000, 0x0000000088a00000, 0x0000000088b00000|  0%| F|  |TAMS 0x0000000088a00000, 0x0000000088a00000| Untracked 
| 139|0x0000000088b00000, 0x0000000088b00000, 0x0000000088c00000|  0%| F|  |TAMS 0x0000000088b00000, 0x0000000088b00000| Untracked 
| 140|0x0000000088c00000, 0x0000000088c00000, 0x0000000088d00000|  0%| F|  |TAMS 0x0000000088c00000, 0x0000000088c00000| Untracked 
| 141|0x0000000088d00000, 0x0000000088d00000, 0x0000000088e00000|  0%| F|  |TAMS 0x0000000088d00000, 0x0000000088d00000| Untracked 
| 142|0x0000000088e00000, 0x0000000088e00000, 0x0000000088f00000|  0%| F|  |TAMS 0x0000000088e00000, 0x0000000088e00000| Untracked 
| 143|0x0000000088f00000, 0x0000000088f00000, 0x0000000089000000|  0%| F|  |TAMS 0x0000000088f00000, 0x0000000088f00000| Untracked 
| 144|0x0000000089000000, 0x0000000089000000, 0x0000000089100000|  0%| F|  |TAMS 0x0000000089000000, 0x0000000089000000| Untracked 
| 145|0x0000000089100000, 0x0000000089100000, 0x0000000089200000|  0%| F|  |TAMS 0x0000000089100000, 0x0000000089100000| Untracked 
| 146|0x0000000089200000, 0x0000000089200000, 0x0000000089300000|  0%| F|  |TAMS 0x0000000089200000, 0x0000000089200000| Untracked 
| 147|0x0000000089300000, 0x0000000089300000, 0x0000000089400000|  0%| F|  |TAMS 0x0000000089300000, 0x0000000089300000| Untracked 
| 148|0x0000000089400000, 0x00000000894aa5c0, 0x0000000089500000| 66%| S|CS|TAMS 0x0000000089400000, 0x0000000089400000| Complete 
| 149|0x0000000089500000, 0x0000000089500000, 0x0000000089600000|  0%| F|  |TAMS 0x0000000089500000, 0x0000000089500000| Untracked 
| 150|0x0000000089600000, 0x0000000089600000, 0x0000000089700000|  0%| F|  |TAMS 0x0000000089600000, 0x0000000089600000| Untracked 
| 151|0x0000000089700000, 0x0000000089700000, 0x0000000089800000|  0%| F|  |TAMS 0x0000000089700000, 0x0000000089700000| Untracked 
| 152|0x0000000089800000, 0x0000000089800000, 0x0000000089900000|  0%| F|  |TAMS 0x0000000089800000, 0x0000000089800000| Untracked 
| 153|0x0000000089900000, 0x0000000089900000, 0x0000000089a00000|  0%| F|  |TAMS 0x0000000089900000, 0x0000000089900000| Untracked 
| 154|0x0000000089a00000, 0x0000000089a00000, 0x0000000089b00000|  0%| F|  |TAMS 0x0000000089a00000, 0x0000000089a00000| Untracked 
| 155|0x0000000089b00000, 0x0000000089b00000, 0x0000000089c00000|  0%| F|  |TAMS 0x0000000089b00000, 0x0000000089b00000| Untracked 

Card table byte_map: [0x00007f8e2844b000,0x00007f8e2884b000] _byte_map_base: 0x00007f8e2804b000

Marking Bits (Prev, Next): (CMBitMap*) 0x00007f8e24058d68, (CMBitMap*) 0x00007f8e24058da0
 Prev Bits: [0x00007f8e0a000000, 0x00007f8e0c000000)
 Next Bits: [0x00007f8e08000000, 0x00007f8e0a000000)

Polling page: 0x00007f8e2bbdf000

Metaspace:

Usage:
  Non-class:     41.89 MB capacity,    40.97 MB ( 98%) used,   814.83 KB (  2%) free+waste,   124.44 KB ( <1%) overhead. 
      Class:      6.47 MB capacity,     6.02 MB ( 93%) used,   395.84 KB (  6%) free+waste,    60.00 KB ( <1%) overhead. 
       Both:     48.36 MB capacity,    46.99 MB ( 97%) used,     1.18 MB (  2%) free+waste,   184.44 KB ( <1%) overhead. 

Virtual space:
  Non-class space:       42.00 MB reserved,      41.92 MB (>99%) committed 
      Class space:        1.00 GB reserved,       6.50 MB ( <1%) committed 
             Both:        1.04 GB reserved,      48.42 MB (  5%) committed 

Chunk freelists:
   Non-Class:  8.00 KB
       Class:  3.00 KB
        Both:  11.00 KB

MaxMetaspaceSize: unlimited
CompressedClassSpaceSize: 1.00 GB

CodeHeap 'non-profiled nmethods': size=120032Kb used=2685Kb max_used=2685Kb free=117346Kb
 bounds [0x00007f8e18fee000, 0x00007f8e1928e000, 0x00007f8e20526000]
CodeHeap 'profiled nmethods': size=120032Kb used=9448Kb max_used=9448Kb free=110583Kb
 bounds [0x00007f8e11ab6000, 0x00007f8e123f6000, 0x00007f8e18fee000]
CodeHeap 'non-nmethods': size=5696Kb used=2179Kb max_used=2223Kb free=3516Kb
 bounds [0x00007f8e11526000, 0x00007f8e11796000, 0x00007f8e11ab6000]
 total_blobs=5299 nmethods=4525 adapters=686
 compilation: enabled
              stopped_count=0, restarted_count=0
 full_count=0

Compilation events (20 events):
Event: 258.050 Thread 0x00007f8e24182800 4543       4       java.util.stream.ReduceOps$3ReducingSink::accept (15 bytes)
Event: 258.050 Thread 0x00007f8e24182800 nmethod 4543 0x00007f8e1928a590 code [0x00007f8e1928a720, 0x00007f8e1928a7b8]
Event: 262.318 Thread 0x00007f8e24182800 4557       4       org.objectweb.asm.MethodWriter::visitVarInsn (302 bytes)
Event: 262.318 Thread 0x00007f8e24185000 4555       3       java.util.TreeMap::rotateRight (96 bytes)
Event: 262.347 Thread 0x00007f8e24185000 nmethod 4555 0x00007f8e123ec790 code [0x00007f8e123ec980, 0x00007f8e123ece90]
Event: 262.349 Thread 0x00007f8e24185000 4556       3       java.lang.AbstractStringBuilder::getBytes (44 bytes)
Event: 262.355 Thread 0x00007f8e24182800 nmethod 4557 0x00007f8e1928a890 code [0x00007f8e1928aa80, 0x00007f8e1928b028]
Event: 262.378 Thread 0x00007f8e24185000 nmethod 4556 0x00007f8e123ecf90 code [0x00007f8e123ed160, 0x00007f8e123ed410]
Event: 262.416 Thread 0x00007f8e24182800 4559       4       org.codehaus.groovy.runtime.metaclass.MetaMethodIndex::copyNonPrivateNonNewMetaMethods (171 bytes)
Event: 262.418 Thread 0x00007f8e24185000 4560   !   3       com.google.common.collect.MapMakerInternalMap$Segment::runLockedCleanup (34 bytes)
Event: 262.419 Thread 0x00007f8e24185000 nmethod 4560 0x00007f8e123ed510 code [0x00007f8e123ed720, 0x00007f8e123edcd0]
Event: 262.420 Thread 0x00007f8e24185000 4561       3       jdk.internal.loader.URLClassPath$JarLoader::validIndex (94 bytes)
Event: 262.427 Thread 0x00007f8e24182800 nmethod 4559 0x00007f8e1928b490 code [0x00007f8e1928b680, 0x00007f8e1928bb90]
Event: 262.427 Thread 0x00007f8e24182800 4564       4       groovy.lang.MetaClassImpl$1::methodNameAction (169 bytes)
Event: 262.441 Thread 0x00007f8e24182800 nmethod 4564 0x00007f8e1928bf90 code [0x00007f8e1928c180, 0x00007f8e1928c818]
Event: 262.441 Thread 0x00007f8e24182800 4565   !   4       java.net.URL::set (114 bytes)
Event: 262.451 Thread 0x00007f8e24182800 nmethod 4565 0x00007f8e1928cc90 code [0x00007f8e1928ce20, 0x00007f8e1928d6b8]
Event: 262.482 Thread 0x00007f8e24185000 nmethod 4561 0x00007f8e123edf10 code [0x00007f8e123ee260, 0x00007f8e123ef540]
Event: 262.482 Thread 0x00007f8e24185000 4563       3       org.codehaus.groovy.reflection.stdclasses.CachedSAMClass::isAssignableFrom (30 bytes)
Event: 262.484 Thread 0x00007f8e24185000 nmethod 4563 0x00007f8e123efc10 code [0x00007f8e123efde0, 0x00007f8e123f00f0]

GC Heap History (20 events):
Event: 29.464 GC heap after
{Heap after GC invocations=9 (full 0):
 garbage-first heap   total 159744K, used 35921K [0x0000000080000000, 0x0000000100000000)
  region size 1024K, 2 young (2048K), 2 survivors (2048K)
 Metaspace       used 34744K, capacity 35680K, committed 35888K, reserved 1081344K
  class space    used 4532K, capacity 4907K, committed 4992K, reserved 1048576K
}
Event: 32.960 GC heap before
{Heap before GC invocations=10 (full 0):
 garbage-first heap   total 159744K, used 87121K [0x0000000080000000, 0x0000000100000000)
  region size 1024K, 50 young (51200K), 2 survivors (2048K)
 Metaspace       used 40310K, capacity 41420K, committed 41648K, reserved 1085440K
  class space    used 5122K, capacity 5514K, committed 5632K, reserved 1048576K
}
Event: 32.980 GC heap after
{Heap after GC invocations=11 (full 0):
 garbage-first heap   total 159744K, used 40732K [0x0000000080000000, 0x0000000100000000)
  region size 1024K, 7 young (7168K), 7 survivors (7168K)
 Metaspace       used 40310K, capacity 41420K, committed 41648K, reserved 1085440K
  class space    used 5122K, capacity 5514K, committed 5632K, reserved 1048576K
}
Event: 59.703 GC heap before
{Heap before GC invocations=11 (full 0):
 garbage-first heap   total 159744K, used 95004K [0x0000000080000000, 0x0000000100000000)
  region size 1024K, 57 young (58368K), 7 survivors (7168K)
 Metaspace       used 44475K, capacity 45803K, committed 46256K, reserved 1089536K
  class space    used 5591K, capacity 6026K, committed 6144K, reserved 1048576K
}
Event: 61.132 GC heap after
{Heap after GC invocations=12 (full 0):
 garbage-first heap   total 159744K, used 47463K [0x0000000080000000, 0x0000000100000000)
  region size 1024K, 5 young (5120K), 5 survivors (5120K)
 Metaspace       used 44475K, capacity 45803K, committed 46256K, reserved 1089536K
  class space    used 5591K, capacity 6026K, committed 6144K, reserved 1048576K
}
Event: 61.824 GC heap before
{Heap before GC invocations=12 (full 0):
 garbage-first heap   total 159744K, used 49511K [0x0000000080000000, 0x0000000100000000)
  region size 1024K, 7 young (7168K), 5 survivors (5120K)
 Metaspace       used 44632K, capacity 45868K, committed 46256K, reserved 1089536K
  class space    used 5602K, capacity 6026K, committed 6144K, reserved 1048576K
}
Event: 61.836 GC heap after
{Heap after GC invocations=13 (full 0):
 garbage-first heap   total 159744K, used 47737K [0x0000000080000000, 0x0000000100000000)
  region size 1024K, 1 young (1024K), 1 survivors (1024K)
 Metaspace       used 44632K, capacity 45868K, committed 46256K, reserved 1089536K
  class space    used 5602K, capacity 6026K, committed 6144K, reserved 1048576K
}
Event: 65.680 GC heap before
{Heap before GC invocations=13 (full 0):
 garbage-first heap   total 159744K, used 53881K [0x0000000080000000, 0x0000000100000000)
  region size 1024K, 7 young (7168K), 1 survivors (1024K)
 Metaspace       used 45034K, capacity 46267K, committed 46512K, reserved 1089536K
  class space    used 5659K, capacity 6096K, committed 6144K, reserved 1048576K
}
Event: 65.692 GC heap after
{Heap after GC invocations=14 (full 0):
 garbage-first heap   total 159744K, used 47884K [0x0000000080000000, 0x0000000100000000)
  region size 1024K, 1 young (1024K), 1 survivors (1024K)
 Metaspace       used 45034K, capacity 46267K, committed 46512K, reserved 1089536K
  class space    used 5659K, capacity 6096K, committed 6144K, reserved 1048576K
}
Event: 67.072 GC heap before
{Heap before GC invocations=14 (full 0):
 garbage-first heap   total 159744K, used 55052K [0x0000000080000000, 0x0000000100000000)
  region size 1024K, 8 young (8192K), 1 survivors (1024K)
 Metaspace       used 45125K, capacity 46427K, committed 46768K, reserved 1089536K
  class space    used 5672K, capacity 6104K, committed 6144K, reserved 1048576K
}
Event: 67.077 GC heap after
{Heap after GC invocations=15 (full 0):
 garbage-first heap   total 159744K, used 48644K [0x0000000080000000, 0x0000000100000000)
  region size 1024K, 1 young (1024K), 1 survivors (1024K)
 Metaspace       used 45125K, capacity 46427K, committed 46768K, reserved 1089536K
  class space    used 5672K, capacity 6104K, committed 6144K, reserved 1048576K
}
Event: 187.004 GC heap before
{Heap before GC invocations=15 (full 0):
 garbage-first heap   total 159744K, used 94724K [0x0000000080000000, 0x0000000100000000)
  region size 1024K, 42 young (43008K), 1 survivors (1024K)
 Metaspace       used 47302K, capacity 48663K, committed 48944K, reserved 1091584K
  class space    used 6022K, capacity 6465K, committed 6528K, reserved 1048576K
}
Event: 189.494 GC heap after
{Heap after GC invocations=16 (full 0):
 garbage-first heap   total 159744K, used 55955K [0x0000000080000000, 0x0000000100000000)
  region size 1024K, 5 young (5120K), 5 survivors (5120K)
 Metaspace       used 47302K, capacity 48663K, committed 48944K, reserved 1091584K
  class space    used 6022K, capacity 6465K, committed 6528K, reserved 1048576K
}
Event: 189.734 GC heap before
{Heap before GC invocations=16 (full 0):
 garbage-first heap   total 159744K, used 58003K [0x0000000080000000, 0x0000000100000000)
  region size 1024K, 7 young (7168K), 5 survivors (5120K)
 Metaspace       used 47305K, capacity 48663K, committed 48944K, reserved 1091584K
  class space    used 6023K, capacity 6465K, committed 6528K, reserved 1048576K
}
Event: 189.743 GC heap after
{Heap after GC invocations=17 (full 0):
 garbage-first heap   total 159744K, used 56371K [0x0000000080000000, 0x0000000100000000)
  region size 1024K, 1 young (1024K), 1 survivors (1024K)
 Metaspace       used 47305K, capacity 48663K, committed 48944K, reserved 1091584K
  class space    used 6023K, capacity 6465K, committed 6528K, reserved 1048576K
}
Event: 205.409 GC heap before
{Heap before GC invocations=17 (full 0):
 garbage-first heap   total 159744K, used 62515K [0x0000000080000000, 0x0000000100000000)
  region size 1024K, 7 young (7168K), 1 survivors (1024K)
 Metaspace       used 47558K, capacity 49004K, committed 49328K, reserved 1091584K
  class space    used 6070K, capacity 6536K, committed 6656K, reserved 1048576K
}
Event: 210.860 GC heap after
{Heap after GC invocations=18 (full 0):
 garbage-first heap   total 159744K, used 56096K [0x0000000080000000, 0x0000000100000000)
  region size 1024K, 1 young (1024K), 1 survivors (1024K)
 Metaspace       used 47558K, capacity 49004K, committed 49328K, reserved 1091584K
  class space    used 6070K, capacity 6536K, committed 6656K, reserved 1048576K
}
Event: 252.489 GC heap before
{Heap before GC invocations=18 (full 0):
 garbage-first heap   total 159744K, used 62240K [0x0000000080000000, 0x0000000100000000)
  region size 1024K, 7 young (7168K), 1 survivors (1024K)
 Metaspace       used 48006K, capacity 49432K, committed 49584K, reserved 1091584K
  class space    used 6147K, capacity 6613K, committed 6656K, reserved 1048576K
}
Event: 255.146 GC heap after
{Heap after GC invocations=19 (full 0):
 garbage-first heap   total 159744K, used 56438K [0x0000000080000000, 0x0000000100000000)
  region size 1024K, 1 young (1024K), 1 survivors (1024K)
 Metaspace       used 48006K, capacity 49432K, committed 49584K, reserved 1091584K
  class space    used 6147K, capacity 6613K, committed 6656K, reserved 1048576K
}
Event: 263.079 GC heap before
{Heap before GC invocations=19 (full 0):
 garbage-first heap   total 159744K, used 62582K [0x0000000080000000, 0x0000000100000000)
  region size 1024K, 7 young (7168K), 1 survivors (1024K)
 Metaspace       used 48121K, capacity 49517K, committed 49584K, reserved 1091584K
  class space    used 6165K, capacity 6621K, committed 6656K, reserved 1048576K
}

Deoptimization events (20 events):
Event: 214.463 Thread 0x00007f8dac009000 Uncommon trap: trap_request=0xffffff4d fr.pc=0x00007f8e190c0b14 relative=0x0000000000000254
Event: 214.463 Thread 0x00007f8dac009000 Uncommon trap: reason=unstable_if action=reinterpret pc=0x00007f8e190c0b14 method=java.util.HashMap.hash(Ljava/lang/Object;)I @ 1 c2
Event: 214.609 Thread 0x00007f8dac009000 DEOPT PACKING pc=0x00007f8e190c0b14 sp=0x00007f8dbfbf46e0
Event: 214.735 Thread 0x00007f8dac009000 DEOPT UNPACKING pc=0x00007f8e1154b5a5 sp=0x00007f8dbfbf4638 mode 2
Event: 214.735 Thread 0x00007f8dac009000 Uncommon trap: trap_request=0xffffff4d fr.pc=0x00007f8e19130a7c relative=0x00000000000001bc
Event: 214.735 Thread 0x00007f8dac009000 Uncommon trap: reason=unstable_if action=reinterpret pc=0x00007f8e19130a7c method=java.util.HashMap.getNode(ILjava/lang/Object;)Ljava/util/HashMap$Node; @ 53 c2
Event: 214.735 Thread 0x00007f8dac009000 DEOPT PACKING pc=0x00007f8e19130a7c sp=0x00007f8dbfbf4660
Event: 214.735 Thread 0x00007f8dac009000 DEOPT UNPACKING pc=0x00007f8e1154b5a5 sp=0x00007f8dbfbf4608 mode 2
Event: 214.735 Thread 0x00007f8dac009000 Uncommon trap: trap_request=0xffffff4d fr.pc=0x00007f8e1926b24c relative=0x000000000000074c
Event: 214.735 Thread 0x00007f8dac009000 Uncommon trap: reason=unstable_if action=reinterpret pc=0x00007f8e1926b24c method=java.util.HashMap.putVal(ILjava/lang/Object;Ljava/lang/Object;ZZ)Ljava/lang/Object; @ 85 c2
Event: 214.735 Thread 0x00007f8dac009000 DEOPT PACKING pc=0x00007f8e1926b24c sp=0x00007f8dbfbf46c0
Event: 214.735 Thread 0x00007f8dac009000 DEOPT UNPACKING pc=0x00007f8e1154b5a5 sp=0x00007f8dbfbf45f0 mode 2
Event: 215.252 Thread 0x00007f8dac009000 Uncommon trap: trap_request=0xffffff4d fr.pc=0x00007f8e1913fe64 relative=0x0000000000000304
Event: 215.252 Thread 0x00007f8dac009000 Uncommon trap: reason=unstable_if action=reinterpret pc=0x00007f8e1913fe64 method=org.gradle.internal.reflect.PropertyAccessorType.isGetGetterName(Ljava/lang/String;)Z @ 14 c2
Event: 215.252 Thread 0x00007f8dac009000 DEOPT PACKING pc=0x00007f8e1913fe64 sp=0x00007f8dbfbf4cd0
Event: 215.252 Thread 0x00007f8dac009000 DEOPT UNPACKING pc=0x00007f8e1154b5a5 sp=0x00007f8dbfbf4c28 mode 2
Event: 221.096 Thread 0x00007f8dac009000 Uncommon trap: trap_request=0xffffff4d fr.pc=0x00007f8e191d67c8 relative=0x0000000000001ac8
Event: 221.264 Thread 0x00007f8dac009000 Uncommon trap: reason=unstable_if action=reinterpret pc=0x00007f8e191d67c8 method=java.util.concurrent.ConcurrentHashMap.computeIfAbsent(Ljava/lang/Object;Ljava/util/function/Function;)Ljava/lang/Object; @ 123 c2
Event: 221.264 Thread 0x00007f8dac009000 DEOPT PACKING pc=0x00007f8e191d67c8 sp=0x00007f8dbfbf5d60
Event: 221.264 Thread 0x00007f8dac009000 DEOPT UNPACKING pc=0x00007f8e1154b5a5 sp=0x00007f8dbfbf5cf0 mode 2

Classes redefined (0 events):
No events

Internal exceptions (20 events):
Event: 186.941 Thread 0x00007f8dac009000 Exception <a 'java/lang/ClassNotFoundException'{0x00000000872ca060}: org/gradle/internal/service/scopes/ProjectScopeServicesCustomizer> (0x00000000872ca060) thrown at [src/hotspot/share/classfile/systemDictionary.cpp, line 231]
Event: 189.496 Thread 0x00007f8dac009000 Exception <a 'java/lang/ClassNotFoundException'{0x0000000089b210b8}: org/gradle/tooling/provider/model/internal/DefaultToolingModelBuilderRegistryBeanInfo> (0x0000000089b210b8) thrown at [src/hotspot/share/classfile/systemDictionary.cpp, line 231]
Event: 189.498 Thread 0x00007f8dac009000 Exception <a 'java/lang/ClassNotFoundException'{0x0000000089b3ce38}: org/gradle/tooling/provider/model/internal/DefaultToolingModelBuilderRegistryCustomizer> (0x0000000089b3ce38) thrown at [src/hotspot/share/classfile/systemDictionary.cpp, line 231]
Event: 189.733 Thread 0x00007f8dac009000 Exception <a 'java/lang/ClassNotFoundException'{0x0000000089ae62c8}: org/codehaus/groovy/reflection/CachedFieldBeanInfo> (0x0000000089ae62c8) thrown at [src/hotspot/share/classfile/systemDictionary.cpp, line 231]
Event: 189.744 Thread 0x00007f8dac009000 Exception <a 'java/lang/ClassNotFoundException'{0x0000000089b08888}: groovy/lang/MetaPropertyBeanInfo> (0x0000000089b08888) thrown at [src/hotspot/share/classfile/systemDictionary.cpp, line 231]
Event: 189.744 Thread 0x00007f8dac009000 Exception <a 'java/lang/ClassNotFoundException'{0x0000000089b2a7f8}: groovy/lang/MetaPropertyCustomizer> (0x0000000089b2a7f8) thrown at [src/hotspot/share/classfile/systemDictionary.cpp, line 231]
Event: 189.750 Thread 0x00007f8dac009000 Exception <a 'java/lang/ClassNotFoundException'{0x0000000089ab47b8}: org/codehaus/groovy/reflection/CachedFieldCustomizer> (0x0000000089ab47b8) thrown at [src/hotspot/share/classfile/systemDictionary.cpp, line 231]
Event: 192.034 Thread 0x00007f8dac009000 Exception <a 'java/lang/ClassNotFoundException'{0x000000008986c670}: org/gradle/tooling/provider/model/internal/DefaultToolingModelBuilderRegistry$1BeanInfo> (0x000000008986c670) thrown at [src/hotspot/share/classfile/systemDictionary.cpp, line 231]
Event: 192.035 Thread 0x00007f8dac009000 Exception <a 'java/lang/ClassNotFoundException'{0x0000000089888ca0}: org/gradle/tooling/provider/model/internal/DefaultToolingModelBuilderRegistry$1Customizer> (0x0000000089888ca0) thrown at [src/hotspot/share/classfile/systemDictionary.cpp, line 231]
Event: 194.215 Thread 0x00007f8dac009000 Exception <a 'java/lang/ClassNotFoundException'{0x00000000898fe770}: java/util/CollectionBeanInfo> (0x00000000898fe770) thrown at [src/hotspot/share/classfile/systemDictionary.cpp, line 231]
Event: 194.531 Thread 0x00007f8dac009000 Exception <a 'java/lang/ClassNotFoundException'{0x0000000089709ef8}: java/util/CollectionCustomizer> (0x0000000089709ef8) thrown at [src/hotspot/share/classfile/systemDictionary.cpp, line 231]
Event: 213.342 Thread 0x00007f8dac009000 Implicit null exception at 0x00007f8e190c08f4 to 0x00007f8e190c0b08
Event: 248.454 Thread 0x00007f8dac009000 Exception <a 'java/lang/ClassNotFoundException'{0x00000000896944b0}: build_co4na91dij0etpdh6w3jhw5knBeanInfo> (0x00000000896944b0) thrown at [src/hotspot/share/classfile/systemDictionary.cpp, line 231]
Event: 248.454 Thread 0x00007f8dac009000 Exception <a 'java/lang/ClassNotFoundException'{0x00000000896aa540}: org/gradle/api/internal/project/ProjectScriptBeanInfo> (0x00000000896aa540) thrown at [src/hotspot/share/classfile/systemDictionary.cpp, line 231]
Event: 248.455 Thread 0x00007f8dac009000 Exception <a 'java/lang/ClassNotFoundException'{0x00000000896bfaa8}: org/gradle/api/internal/project/ProjectScriptCustomizer> (0x00000000896bfaa8) thrown at [src/hotspot/share/classfile/systemDictionary.cpp, line 231]
Event: 248.456 Thread 0x00007f8dac009000 Exception <a 'java/lang/ClassNotFoundException'{0x00000000896da768}: build_co4na91dij0etpdh6w3jhw5knCustomizer> (0x00000000896da768) thrown at [src/hotspot/share/classfile/systemDictionary.cpp, line 231]
Event: 262.417 Thread 0x00007f8dac009000 Exception <a 'java/lang/ClassNotFoundException'{0x0000000089904ba0}: groovy/lang/GString$1BeanInfo> (0x0000000089904ba0) thrown at [src/hotspot/share/classfile/systemDictionary.cpp, line 231]
Event: 262.418 Thread 0x00007f8dac009000 Exception <a 'java/lang/ClassNotFoundException'{0x0000000089939198}: groovy/lang/GStringBeanInfo> (0x0000000089939198) thrown at [src/hotspot/share/classfile/systemDictionary.cpp, line 231]
Event: 262.419 Thread 0x00007f8dac009000 Exception <a 'java/lang/ClassNotFoundException'{0x000000008996d8a8}: groovy/lang/GStringCustomizer> (0x000000008996d8a8) thrown at [src/hotspot/share/classfile/systemDictionary.cpp, line 231]
Event: 262.421 Thread 0x00007f8dac009000 Exception <a 'java/lang/ClassNotFoundException'{0x00000000899abdd0}: groovy/lang/GString$1Customizer> (0x00000000899abdd0) thrown at [src/hotspot/share/classfile/systemDictionary.cpp, line 231]

Events (20 events):
Event: 262.419 loading class groovy/lang/GStringCustomizer done
Event: 262.419 loading class groovy/lang/GStringCustomizer
Event: 262.419 loading class groovy/lang/GStringCustomizer done
Event: 262.420 loading class groovy/lang/GString$1Customizer
Event: 262.420 loading class groovy/lang/GString$1Customizer done
Event: 262.421 loading class groovy/lang/GString$1Customizer
Event: 262.421 loading class groovy/lang/GString$1Customizer done
Event: 262.421 loading class groovy/lang/GString$1Customizer
Event: 262.421 loading class groovy/lang/GString$1Customizer done
Event: 262.421 loading class groovy/lang/GString$1Customizer
Event: 262.421 loading class groovy/lang/GString$1Customizer done
Event: 262.423 loading class groovy/runtime/metaclass/org/codehaus/groovy/runtime/GStringImplMetaClass
Event: 262.423 loading class groovy/runtime/metaclass/org/codehaus/groovy/runtime/GStringImplMetaClass done
Event: 262.425 loading class org/codehaus/groovy/runtime/GStringImplBeanInfo
Event: 262.425 loading class org/codehaus/groovy/runtime/GStringImplBeanInfo done
Event: 262.427 loading class org/codehaus/groovy/runtime/GStringImplBeanInfo
Event: 262.427 loading class org/codehaus/groovy/runtime/GStringImplBeanInfo done
Event: 262.427 loading class org/codehaus/groovy/runtime/GStringImplBeanInfo
Event: 262.427 loading class org/codehaus/groovy/runtime/GStringImplBeanInfo done
Event: 262.660 Executing VM operation: G1CollectForAllocation


Dynamic libraries:
00200000-00201000 r--p 00000000 08:05 4731689                            /home/khalid/Documents/android-studio-2021.1.1.22-linux/android-studio/jre/bin/java
00201000-00202000 r-xp 00000000 08:05 4731689                            /home/khalid/Documents/android-studio-2021.1.1.22-linux/android-studio/jre/bin/java
00202000-00203000 r--p 00000000 08:05 4731689                            /home/khalid/Documents/android-studio-2021.1.1.22-linux/android-studio/jre/bin/java
00203000-00204000 rw-p 00000000 08:05 4731689                            /home/khalid/Documents/android-studio-2021.1.1.22-linux/android-studio/jre/bin/java
00467000-00488000 rw-p 00000000 00:00 0                                  [heap]
80000000-89c00000 rw-p 00000000 00:00 0 
93f00000-100000000 ---p 00000000 00:00 0 
100000000-100680000 rw-p 00000000 00:00 0 
100680000-140000000 ---p 00000000 00:00 0 
7f8d8c000000-7f8d8c021000 rw-p 00000000 00:00 0 
7f8d8c021000-7f8d90000000 ---p 00000000 00:00 0 
7f8d90000000-7f8d90021000 rw-p 00000000 00:00 0 
7f8d90021000-7f8d94000000 ---p 00000000 00:00 0 
7f8d94000000-7f8d94021000 rw-p 00000000 00:00 0 
7f8d94021000-7f8d98000000 ---p 00000000 00:00 0 
7f8d98000000-7f8d98021000 rw-p 00000000 00:00 0 
7f8d98021000-7f8d9c000000 ---p 00000000 00:00 0 
7f8d9c000000-7f8d9c021000 rw-p 00000000 00:00 0 
7f8d9c021000-7f8da0000000 ---p 00000000 00:00 0 
7f8da0000000-7f8da004e000 rw-p 00000000 00:00 0 
7f8da004e000-7f8da4000000 ---p 00000000 00:00 0 
7f8da4000000-7f8da4021000 rw-p 00000000 00:00 0 
7f8da4021000-7f8da8000000 ---p 00000000 00:00 0 
7f8da8000000-7f8da8f20000 rw-p 00000000 00:00 0 
7f8da8f20000-7f8dac000000 ---p 00000000 00:00 0 
7f8dac000000-7f8dac021000 rw-p 00000000 00:00 0 
7f8dac021000-7f8db0000000 ---p 00000000 00:00 0 
7f8db0000000-7f8db004c000 rw-p 00000000 00:00 0 
7f8db004c000-7f8db4000000 ---p 00000000 00:00 0 
7f8db4000000-7f8db4021000 rw-p 00000000 00:00 0 
7f8db4021000-7f8db8000000 ---p 00000000 00:00 0 
7f8db8000000-7f8db8055000 rw-p 00000000 00:00 0 
7f8db8055000-7f8dbc000000 ---p 00000000 00:00 0 
7f8dbc99d000-7f8dbcbe5000 rw-p 00000000 00:00 0 
7f8dbcbe5000-7f8dbcbe9000 ---p 00000000 00:00 0 
7f8dbcbe9000-7f8dbcee6000 rw-p 00000000 00:00 0 
7f8dbcee6000-7f8dbceea000 ---p 00000000 00:00 0 
7f8dbceea000-7f8dbd1e7000 rw-p 00000000 00:00 0 
7f8dbd1e7000-7f8dbd3e7000 rw-p 00000000 00:00 0 
7f8dbd3e7000-7f8dbd5e7000 rw-p 00000000 00:00 0 
7f8dbd5e7000-7f8dbd5eb000 ---p 00000000 00:00 0 
7f8dbd5eb000-7f8dbd8e8000 rw-p 00000000 00:00 0 
7f8dbd8e8000-7f8dbdae8000 rw-p 00000000 00:00 0 
7f8dbdae8000-7f8dbdce8000 rw-p 00000000 00:00 0 
7f8dbdce8000-7f8dbdee8000 rw-p 00000000 00:00 0 
7f8dbdee8000-7f8dbdeec000 ---p 00000000 00:00 0 
7f8dbdeec000-7f8dbdfe9000 rw-p 00000000 00:00 0 
7f8dbdfe9000-7f8dbdfed000 ---p 00000000 00:00 0 
7f8dbdfed000-7f8dbe0ea000 rw-p 00000000 00:00 0 
7f8dbe0ea000-7f8dbe0ee000 ---p 00000000 00:00 0 
7f8dbe0ee000-7f8dbe3eb000 rw-p 00000000 00:00 0 
7f8dbe3eb000-7f8dbe3ef000 ---p 00000000 00:00 0 
7f8dbe3ef000-7f8dbe4ec000 rw-p 00000000 00:00 0 
7f8dbe4ec000-7f8dbe4f0000 ---p 00000000 00:00 0 
7f8dbe4f0000-7f8dbe5ed000 rw-p 00000000 00:00 0 
7f8dbe5ed000-7f8dbe5f1000 ---p 00000000 00:00 0 
7f8dbe5f1000-7f8dbe6ee000 rw-p 00000000 00:00 0 
7f8dbe6ee000-7f8dbe6f2000 ---p 00000000 00:00 0 
7f8dbe6f2000-7f8dbe7ef000 rw-p 00000000 00:00 0 
7f8dbe7ef000-7f8dbe7f3000 ---p 00000000 00:00 0 
7f8dbe7f3000-7f8dbe8f0000 rw-p 00000000 00:00 0 
7f8dbe8f0000-7f8dbe8f4000 ---p 00000000 00:00 0 
7f8dbe8f4000-7f8dbe9f1000 rw-p 00000000 00:00 0 
7f8dbe9f1000-7f8dbe9f5000 ---p 00000000 00:00 0 
7f8dbe9f5000-7f8dbecf2000 rw-p 00000000 00:00 0 
7f8dbecf2000-7f8dbecf6000 ---p 00000000 00:00 0 
7f8dbecf6000-7f8dbeff3000 rw-p 00000000 00:00 0 
7f8dbeff3000-7f8dbf1df000 rw-p 00000000 00:00 0 
7f8dbf1df000-7f8dbf1f3000 ---p 00000000 00:00 0 
7f8dbf1f3000-7f8dbf1f7000 ---p 00000000 00:00 0 
7f8dbf1f7000-7f8dbf2f4000 rw-p 00000000 00:00 0 
7f8dbf2f4000-7f8dbf2f8000 ---p 00000000 00:00 0 
7f8dbf2f8000-7f8dbf3f5000 rw-p 00000000 00:00 0 
7f8dbf3f5000-7f8dbf3f9000 ---p 00000000 00:00 0 
7f8dbf3f9000-7f8dbf4f6000 rw-p 00000000 00:00 0 
7f8dbf4f6000-7f8dbf4f7000 ---p 00000000 00:00 0 
7f8dbf4f7000-7f8dbf7f8000 rw-p 00000000 00:00 0 
7f8dbf7f8000-7f8dbf7fc000 ---p 00000000 00:00 0 
7f8dbf7fc000-7f8dbf8f9000 rw-p 00000000 00:00 0 
7f8dbf8f9000-7f8dbf8fd000 ---p 00000000 00:00 0 
7f8dbf8fd000-7f8dbf9fa000 rw-p 00000000 00:00 0 
7f8dbf9fa000-7f8dbf9fe000 ---p 00000000 00:00 0 
7f8dbf9fe000-7f8dbfafb000 rw-p 00000000 00:00 0 
7f8dbfafb000-7f8dbfaff000 ---p 00000000 00:00 0 
7f8dbfaff000-7f8dbfbfc000 rw-p 00000000 00:00 0 
7f8dbfbfc000-7f8dbfc00000 ---p 00000000 00:00 0 
7f8dbfc00000-7f8dbfcfd000 rw-p 00000000 00:00 0 
7f8dbfcfd000-7f8dbfd01000 ---p 00000000 00:00 0 
7f8dbfd01000-7f8dbfdfe000 rw-p 00000000 00:00 0 
7f8dbfdfe000-7f8dbfe02000 ---p 00000000 00:00 0 
7f8dbfe02000-7f8dbfeff000 rw-p 00000000 00:00 0 
7f8dbfeff000-7f8dbff03000 ---p 00000000 00:00 0 
7f8dbff03000-7f8dc0000000 rw-p 00000000 00:00 0 
7f8dc0000000-7f8dc0021000 rw-p 00000000 00:00 0 
7f8dc0021000-7f8dc4000000 ---p 00000000 00:00 0 
7f8dc4000000-7f8dc4023000 rw-p 00000000 00:00 0 
7f8dc4023000-7f8dc8000000 ---p 00000000 00:00 0 
7f8dc8000000-7f8dc8021000 rw-p 00000000 00:00 0 
7f8dc8021000-7f8dcc000000 ---p 00000000 00:00 0 
7f8dcc000000-7f8dcc021000 rw-p 00000000 00:00 0 
7f8dcc021000-7f8dd0000000 ---p 00000000 00:00 0 
7f8dd0000000-7f8dd0021000 rw-p 00000000 00:00 0 
7f8dd0021000-7f8dd4000000 ---p 00000000 00:00 0 
7f8dd4000000-7f8dd4021000 rw-p 00000000 00:00 0 
7f8dd4021000-7f8dd8000000 ---p 00000000 00:00 0 
7f8dd8000000-7f8dd9c6f000 rw-p 00000000 00:00 0 
7f8dd9c6f000-7f8ddc000000 ---p 00000000 00:00 0 
7f8ddc000000-7f8ddc571000 rw-p 00000000 00:00 0 
7f8ddc571000-7f8de0000000 ---p 00000000 00:00 0 
7f8de0000000-7f8de0021000 rw-p 00000000 00:00 0 
7f8de0021000-7f8de4000000 ---p 00000000 00:00 0 
7f8de4000000-7f8de4021000 rw-p 00000000 00:00 0 
7f8de4021000-7f8de8000000 ---p 00000000 00:00 0 
7f8de8000000-7f8de8021000 rw-p 00000000 00:00 0 
7f8de8021000-7f8dec000000 ---p 00000000 00:00 0 
7f8dec000000-7f8dec021000 rw-p 00000000 00:00 0 
7f8dec021000-7f8df0000000 ---p 00000000 00:00 0 
7f8df0000000-7f8df0021000 rw-p 00000000 00:00 0 
7f8df0021000-7f8df4000000 ---p 00000000 00:00 0 
7f8df4000000-7f8df417c000 rw-p 00000000 00:00 0 
7f8df417c000-7f8df8000000 ---p 00000000 00:00 0 
7f8df8000000-7f8df8021000 rw-p 00000000 00:00 0 
7f8df8021000-7f8dfc000000 ---p 00000000 00:00 0 
7f8dfc018000-7f8dfc218000 rw-p 00000000 00:00 0 
7f8dfc218000-7f8dfc21c000 ---p 00000000 00:00 0 
7f8dfc21c000-7f8dfc519000 rw-p 00000000 00:00 0 
7f8dfc519000-7f8dfc51d000 ---p 00000000 00:00 0 
7f8dfc51d000-7f8dfc81a000 rw-p 00000000 00:00 0 
7f8dfc81a000-7f8dfca1a000 rw-p 00000000 00:00 0 
7f8dfca1a000-7f8dfca31000 r-xp 00000000 08:05 1048612                    /lib/x86_64-linux-gnu/libgcc_s.so.1
7f8dfca31000-7f8dfcc30000 ---p 00017000 08:05 1048612                    /lib/x86_64-linux-gnu/libgcc_s.so.1
7f8dfcc30000-7f8dfcc31000 r--p 00016000 08:05 1048612                    /lib/x86_64-linux-gnu/libgcc_s.so.1
7f8dfcc31000-7f8dfcc32000 rw-p 00017000 08:05 1048612                    /lib/x86_64-linux-gnu/libgcc_s.so.1
7f8dfcc32000-7f8dfcdab000 r-xp 00000000 08:05 919710                     /usr/lib/x86_64-linux-gnu/libstdc++.so.6.0.25
7f8dfcdab000-7f8dfcfab000 ---p 00179000 08:05 919710                     /usr/lib/x86_64-linux-gnu/libstdc++.so.6.0.25
7f8dfcfab000-7f8dfcfb5000 r--p 00179000 08:05 919710                     /usr/lib/x86_64-linux-gnu/libstdc++.so.6.0.25
7f8dfcfb5000-7f8dfcfb7000 rw-p 00183000 08:05 919710                     /usr/lib/x86_64-linux-gnu/libstdc++.so.6.0.25
7f8dfcfb7000-7f8dfcfbb000 rw-p 00000000 00:00 0 
7f8dfcfbb000-7f8dfd00c000 r-xp 00000000 08:05 4855162                    /home/khalid/.gradle/native/5664cfc778a61ccfe75a443a1ab52a65af34e5dc3c78e0209fed803814484fcb/linux-amd64/libnative-platform-file-events.so
7f8dfd00c000-7f8dfd20c000 ---p 00051000 08:05 4855162                    /home/khalid/.gradle/native/5664cfc778a61ccfe75a443a1ab52a65af34e5dc3c78e0209fed803814484fcb/linux-amd64/libnative-platform-file-events.so
7f8dfd20c000-7f8dfd20d000 r--p 00051000 08:05 4855162                    /home/khalid/.gradle/native/5664cfc778a61ccfe75a443a1ab52a65af34e5dc3c78e0209fed803814484fcb/linux-amd64/libnative-platform-file-events.so
7f8dfd20d000-7f8dfd20f000 rw-p 00052000 08:05 4855162                    /home/khalid/.gradle/native/5664cfc778a61ccfe75a443a1ab52a65af34e5dc3c78e0209fed803814484fcb/linux-amd64/libnative-platform-file-events.so
7f8dfd20f000-7f8dfd214000 r-xp 00000000 08:05 4855158                    /home/khalid/.gradle/native/e1d6ef7f7dcc3fd88c89a11ec53ec762bb8ba0a96d01ffa2cd45eb1d1d8dd5c5/linux-amd64/libnative-platform.so
7f8dfd214000-7f8dfd414000 ---p 00005000 08:05 4855158                    /home/khalid/.gradle/native/e1d6ef7f7dcc3fd88c89a11ec53ec762bb8ba0a96d01ffa2cd45eb1d1d8dd5c5/linux-amd64/libnative-platform.so
7f8dfd414000-7f8dfd415000 r--p 00005000 08:05 4855158                    /home/khalid/.gradle/native/e1d6ef7f7dcc3fd88c89a11ec53ec762bb8ba0a96d01ffa2cd45eb1d1d8dd5c5/linux-amd64/libnative-platform.so
7f8dfd415000-7f8dfd416000 rw-p 00006000 08:05 4855158                    /home/khalid/.gradle/native/e1d6ef7f7dcc3fd88c89a11ec53ec762bb8ba0a96d01ffa2cd45eb1d1d8dd5c5/linux-amd64/libnative-platform.so
7f8dfd416000-7f8dfd417000 ---p 00000000 00:00 0 
7f8dfd417000-7f8dfd518000 rw-p 00000000 00:00 0 
7f8dfd518000-7f8dfd519000 ---p 00000000 00:00 0 
7f8dfd519000-7f8dfd61a000 rw-p 00000000 00:00 0 
7f8dfd61a000-7f8dfd61b000 ---p 00000000 00:00 0 
7f8dfd61b000-7f8dfd71c000 rw-p 00000000 00:00 0 
7f8dfd71c000-7f8dfd720000 ---p 00000000 00:00 0 
7f8dfd720000-7f8dfd81d000 rw-p 00000000 00:00 0 
7f8dfd81d000-7f8dfd821000 ---p 00000000 00:00 0 
7f8dfd821000-7f8dfd91e000 rw-p 00000000 00:00 0 
7f8dfd91e000-7f8dfd922000 ---p 00000000 00:00 0 
7f8dfd922000-7f8dfda1f000 rw-p 00000000 00:00 0 
7f8dfda1f000-7f8dfda23000 ---p 00000000 00:00 0 
7f8dfda23000-7f8dfdb20000 rw-p 00000000 00:00 0 
7f8dfdb20000-7f8dfdb24000 ---p 00000000 00:00 0 
7f8dfdb24000-7f8dfdc21000 rw-p 00000000 00:00 0 
7f8dfdc21000-7f8dfdc25000 ---p 00000000 00:00 0 
7f8dfdc25000-7f8dfdd22000 rw-p 00000000 00:00 0 
7f8dfdd22000-7f8dfe000000 r--p 00000000 08:05 919784                     /usr/lib/locale/locale-archive
7f8dfe000000-7f8e00000000 rw-p 00000000 00:00 0 
7f8e00000000-7f8e00021000 rw-p 00000000 00:00 0 
7f8e00021000-7f8e04000000 ---p 00000000 00:00 0 
7f8e04000000-7f8e04021000 rw-p 00000000 00:00 0 
7f8e04021000-7f8e08000000 ---p 00000000 00:00 0 
7f8e08000000-7f8e08270000 rw-p 00000000 00:00 0 
7f8e08270000-7f8e0a000000 ---p 00000000 00:00 0 
7f8e0a000000-7f8e0a270000 rw-p 00000000 00:00 0 
7f8e0a270000-7f8e0c000000 ---p 00000000 00:00 0 
7f8e0c000000-7f8e0c026000 rw-p 00000000 00:00 0 
7f8e0c026000-7f8e10000000 ---p 00000000 00:00 0 
7f8e10092000-7f8e10099000 r--s 00000000 08:05 1446193                    /usr/lib/x86_64-linux-gnu/gconv/gconv-modules.cache
7f8e10099000-7f8e1009c000 r--p 00000000 08:05 4731583                    /home/khalid/Documents/android-studio-2021.1.1.22-linux/android-studio/jre/lib/libmanagement_ext.so
7f8e1009c000-7f8e1009f000 r-xp 00002000 08:05 4731583                    /home/khalid/Documents/android-studio-2021.1.1.22-linux/android-studio/jre/lib/libmanagement_ext.so
7f8e1009f000-7f8e100a0000 r--p 00004000 08:05 4731583                    /home/khalid/Documents/android-studio-2021.1.1.22-linux/android-studio/jre/lib/libmanagement_ext.so
7f8e100a0000-7f8e100a1000 rw-p 00004000 08:05 4731583                    /home/khalid/Documents/android-studio-2021.1.1.22-linux/android-studio/jre/lib/libmanagement_ext.so
7f8e100a1000-7f8e100a4000 r--p 00000000 08:05 4731582                    /home/khalid/Documents/android-studio-2021.1.1.22-linux/android-studio/jre/lib/libmanagement.so
7f8e100a4000-7f8e100a6000 r-xp 00002000 08:05 4731582                    /home/khalid/Documents/android-studio-2021.1.1.22-linux/android-studio/jre/lib/libmanagement.so
7f8e100a6000-7f8e100a7000 r--p 00003000 08:05 4731582                    /home/khalid/Documents/android-studio-2021.1.1.22-linux/android-studio/jre/lib/libmanagement.so
7f8e100a7000-7f8e100a8000 rw-p 00003000 08:05 4731582                    /home/khalid/Documents/android-studio-2021.1.1.22-linux/android-studio/jre/lib/libmanagement.so
7f8e100a8000-7f8e100d9000 rw-p 00000000 00:00 0 
7f8e100d9000-7f8e100e0000 r--p 00000000 08:05 4731661                    /home/khalid/Documents/android-studio-2021.1.1.22-linux/android-studio/jre/lib/libnet.so
7f8e100e0000-7f8e100ee000 r-xp 00006000 08:05 4731661                    /home/khalid/Documents/android-studio-2021.1.1.22-linux/android-studio/jre/lib/libnet.so
7f8e100ee000-7f8e100ef000 r--p 00013000 08:05 4731661                    /home/khalid/Documents/android-studio-2021.1.1.22-linux/android-studio/jre/lib/libnet.so
7f8e100ef000-7f8e100f1000 rw-p 00013000 08:05 4731661                    /home/khalid/Documents/android-studio-2021.1.1.22-linux/android-studio/jre/lib/libnet.so
7f8e100f1000-7f8e100f5000 ---p 00000000 00:00 0 
7f8e100f5000-7f8e101f2000 rw-p 00000000 00:00 0 
7f8e101f2000-7f8e101f6000 ---p 00000000 00:00 0 
7f8e101f6000-7f8e102f3000 rw-p 00000000 00:00 0 
7f8e102f3000-7f8e102f4000 ---p 00000000 00:00 0 
7f8e102f4000-7f8e10cf9000 rw-p 00000000 00:00 0 
7f8e10cf9000-7f8e10d1a000 rw-p 00000000 00:00 0 
7f8e10d1a000-7f8e10d1b000 ---p 00000000 00:00 0 
7f8e10d1b000-7f8e10e1c000 rw-p 00000000 00:00 0 
7f8e10e1c000-7f8e10e1d000 ---p 00000000 00:00 0 
7f8e10e1d000-7f8e11322000 rw-p 00000000 00:00 0 
7f8e11322000-7f8e11323000 ---p 00000000 00:00 0 
7f8e11323000-7f8e11424000 rw-p 00000000 00:00 0 
7f8e11424000-7f8e11425000 ---p 00000000 00:00 0 
7f8e11425000-7f8e11526000 rw-p 00000000 00:00 0 
7f8e11526000-7f8e11796000 rwxp 00000000 00:00 0 
7f8e11796000-7f8e11ab6000 ---p 00000000 00:00 0 
7f8e11ab6000-7f8e123f6000 rwxp 00000000 00:00 0 
7f8e123f6000-7f8e18fee000 ---p 00000000 00:00 0 
7f8e18fee000-7f8e1928e000 rwxp 00000000 00:00 0 
7f8e1928e000-7f8e20526000 ---p 00000000 00:00 0 
7f8e20526000-7f8e24000000 r--s 00000000 08:05 4731598                    /home/khalid/Documents/android-studio-2021.1.1.22-linux/android-studio/jre/lib/modules
7f8e24000000-7f8e2541a000 rw-p 00000000 00:00 0 
7f8e2541a000-7f8e28000000 ---p 00000000 00:00 0 
7f8e28006000-7f8e28099000 rw-p 00000000 00:00 0 
7f8e28099000-7f8e2844b000 ---p 00000000 00:00 0 
7f8e2844b000-7f8e28499000 rw-p 00000000 00:00 0 
7f8e28499000-7f8e2884b000 ---p 00000000 00:00 0 
7f8e2884b000-7f8e28899000 rw-p 00000000 00:00 0 
7f8e28899000-7f8e28c4b000 ---p 00000000 00:00 0 
7f8e28c4b000-7f8e2904f000 rw-p 00000000 00:00 0 
7f8e2904f000-7f8e29050000 ---p 00000000 00:00 0 
7f8e29050000-7f8e29157000 rw-p 00000000 00:00 0 
7f8e29157000-7f8e2923c000 ---p 00000000 00:00 0 
7f8e2923c000-7f8e2924f000 rw-p 00000000 00:00 0 
7f8e2924f000-7f8e29327000 ---p 00000000 00:00 0 
7f8e29327000-7f8e29332000 r-xp 00000000 08:05 1049772                    /lib/x86_64-linux-gnu/libnss_files-2.27.so
7f8e29332000-7f8e29531000 ---p 0000b000 08:05 1049772                    /lib/x86_64-linux-gnu/libnss_files-2.27.so
7f8e29531000-7f8e29532000 r--p 0000a000 08:05 1049772                    /lib/x86_64-linux-gnu/libnss_files-2.27.so
7f8e29532000-7f8e29533000 rw-p 0000b000 08:05 1049772                    /lib/x86_64-linux-gnu/libnss_files-2.27.so
7f8e29533000-7f8e29539000 rw-p 00000000 00:00 0 
7f8e29539000-7f8e29550000 r-xp 00000000 08:05 1049767                    /lib/x86_64-linux-gnu/libnsl-2.27.so
7f8e29550000-7f8e2974f000 ---p 00017000 08:05 1049767                    /lib/x86_64-linux-gnu/libnsl-2.27.so
7f8e2974f000-7f8e29750000 r--p 00016000 08:05 1049767                    /lib/x86_64-linux-gnu/libnsl-2.27.so
7f8e29750000-7f8e29751000 rw-p 00017000 08:05 1049767                    /lib/x86_64-linux-gnu/libnsl-2.27.so
7f8e29751000-7f8e29753000 rw-p 00000000 00:00 0 
7f8e29753000-7f8e2975e000 r-xp 00000000 08:05 1049774                    /lib/x86_64-linux-gnu/libnss_nis-2.27.so
7f8e2975e000-7f8e2995d000 ---p 0000b000 08:05 1049774                    /lib/x86_64-linux-gnu/libnss_nis-2.27.so
7f8e2995d000-7f8e2995e000 r--p 0000a000 08:05 1049774                    /lib/x86_64-linux-gnu/libnss_nis-2.27.so
7f8e2995e000-7f8e2995f000 rw-p 0000b000 08:05 1049774                    /lib/x86_64-linux-gnu/libnss_nis-2.27.so
7f8e2995f000-7f8e29967000 r-xp 00000000 08:05 1049770                    /lib/x86_64-linux-gnu/libnss_compat-2.27.so
7f8e29967000-7f8e29b67000 ---p 00008000 08:05 1049770                    /lib/x86_64-linux-gnu/libnss_compat-2.27.so
7f8e29b67000-7f8e29b68000 r--p 00008000 08:05 1049770                    /lib/x86_64-linux-gnu/libnss_compat-2.27.so
7f8e29b68000-7f8e29b69000 rw-p 00009000 08:05 1049770                    /lib/x86_64-linux-gnu/libnss_compat-2.27.so
7f8e29b69000-7f8e29b70000 r-xp 00000000 08:05 1049779                    /lib/x86_64-linux-gnu/librt-2.27.so
7f8e29b70000-7f8e29d6f000 ---p 00007000 08:05 1049779                    /lib/x86_64-linux-gnu/librt-2.27.so
7f8e29d6f000-7f8e29d70000 r--p 00006000 08:05 1049779                    /lib/x86_64-linux-gnu/librt-2.27.so
7f8e29d70000-7f8e29d71000 rw-p 00007000 08:05 1049779                    /lib/x86_64-linux-gnu/librt-2.27.so
7f8e29d71000-7f8e29f0e000 r-xp 00000000 08:05 1049764                    /lib/x86_64-linux-gnu/libm-2.27.so
7f8e29f0e000-7f8e2a10d000 ---p 0019d000 08:05 1049764                    /lib/x86_64-linux-gnu/libm-2.27.so
7f8e2a10d000-7f8e2a10e000 r--p 0019c000 08:05 1049764                    /lib/x86_64-linux-gnu/libm-2.27.so
7f8e2a10e000-7f8e2a10f000 rw-p 0019d000 08:05 1049764                    /lib/x86_64-linux-gnu/libm-2.27.so
7f8e2a10f000-7f8e2a61c000 r--p 00000000 08:05 4731666                    /home/khalid/Documents/android-studio-2021.1.1.22-linux/android-studio/jre/lib/server/libjvm.so
7f8e2a61c000-7f8e2b053000 r-xp 0050c000 08:05 4731666                    /home/khalid/Documents/android-studio-2021.1.1.22-linux/android-studio/jre/lib/server/libjvm.so
7f8e2b053000-7f8e2b118000 r--p 00f42000 08:05 4731666                    /home/khalid/Documents/android-studio-2021.1.1.22-linux/android-studio/jre/lib/server/libjvm.so
7f8e2b118000-7f8e2b150000 rw-p 01006000 08:05 4731666                    /home/khalid/Documents/android-studio-2021.1.1.22-linux/android-studio/jre/lib/server/libjvm.so
7f8e2b150000-7f8e2b1b8000 rw-p 00000000 00:00 0 
7f8e2b1b8000-7f8e2b39f000 r-xp 00000000 08:05 1049760                    /lib/x86_64-linux-gnu/libc-2.27.so
7f8e2b39f000-7f8e2b59f000 ---p 001e7000 08:05 1049760                    /lib/x86_64-linux-gnu/libc-2.27.so
7f8e2b59f000-7f8e2b5a3000 r--p 001e7000 08:05 1049760                    /lib/x86_64-linux-gnu/libc-2.27.so
7f8e2b5a3000-7f8e2b5a5000 rw-p 001eb000 08:05 1049760                    /lib/x86_64-linux-gnu/libc-2.27.so
7f8e2b5a5000-7f8e2b5a9000 rw-p 00000000 00:00 0 
7f8e2b5a9000-7f8e2b5ac000 r-xp 00000000 08:05 1049763                    /lib/x86_64-linux-gnu/libdl-2.27.so
7f8e2b5ac000-7f8e2b7ab000 ---p 00003000 08:05 1049763                    /lib/x86_64-linux-gnu/libdl-2.27.so
7f8e2b7ab000-7f8e2b7ac000 r--p 00002000 08:05 1049763                    /lib/x86_64-linux-gnu/libdl-2.27.so
7f8e2b7ac000-7f8e2b7ad000 rw-p 00003000 08:05 1049763                    /lib/x86_64-linux-gnu/libdl-2.27.so
7f8e2b7ad000-7f8e2b7c7000 r-xp 00000000 08:05 1049777                    /lib/x86_64-linux-gnu/libpthread-2.27.so
7f8e2b7c7000-7f8e2b9c6000 ---p 0001a000 08:05 1049777                    /lib/x86_64-linux-gnu/libpthread-2.27.so
7f8e2b9c6000-7f8e2b9c7000 r--p 00019000 08:05 1049777                    /lib/x86_64-linux-gnu/libpthread-2.27.so
7f8e2b9c7000-7f8e2b9c8000 rw-p 0001a000 08:05 1049777                    /lib/x86_64-linux-gnu/libpthread-2.27.so
7f8e2b9c8000-7f8e2b9cc000 rw-p 00000000 00:00 0 
7f8e2b9cc000-7f8e2b9f5000 r-xp 00000000 08:05 1049756                    /lib/x86_64-linux-gnu/ld-2.27.so
7f8e2b9fa000-7f8e2ba02000 r--p 00000000 08:05 4731594                    /home/khalid/Documents/android-studio-2021.1.1.22-linux/android-studio/jre/lib/libnio.so
7f8e2ba02000-7f8e2ba09000 r-xp 00007000 08:05 4731594                    /home/khalid/Documents/android-studio-2021.1.1.22-linux/android-studio/jre/lib/libnio.so
7f8e2ba09000-7f8e2ba0b000 r--p 0000d000 08:05 4731594                    /home/khalid/Documents/android-studio-2021.1.1.22-linux/android-studio/jre/lib/libnio.so
7f8e2ba0b000-7f8e2ba0c000 rw-p 0000e000 08:05 4731594                    /home/khalid/Documents/android-studio-2021.1.1.22-linux/android-studio/jre/lib/libnio.so
7f8e2ba0c000-7f8e2ba32000 rw-p 00000000 00:00 0 
7f8e2ba32000-7f8e2ba39000 ---p 00000000 00:00 0 
7f8e2ba39000-7f8e2ba42000 r--p 00000000 08:05 4731656                    /home/khalid/Documents/android-studio-2021.1.1.22-linux/android-studio/jre/lib/libzip.so
7f8e2ba42000-7f8e2ba56000 r-xp 00008000 08:05 4731656                    /home/khalid/Documents/android-studio-2021.1.1.22-linux/android-studio/jre/lib/libzip.so
7f8e2ba56000-7f8e2ba57000 r--p 0001b000 08:05 4731656                    /home/khalid/Documents/android-studio-2021.1.1.22-linux/android-studio/jre/lib/libzip.so
7f8e2ba57000-7f8e2ba58000 rw-p 0001b000 08:05 4731656                    /home/khalid/Documents/android-studio-2021.1.1.22-linux/android-studio/jre/lib/libzip.so
7f8e2ba58000-7f8e2ba60000 rw-s 00000000 08:05 12065222                   /tmp/hsperfdata_khalid/15965
7f8e2ba60000-7f8e2ba6b000 r--p 00000000 08:05 4731587                    /home/khalid/Documents/android-studio-2021.1.1.22-linux/android-studio/jre/lib/libjimage.so
7f8e2ba6b000-7f8e2ba7e000 r-xp 0000a000 08:05 4731587                    /home/khalid/Documents/android-studio-2021.1.1.22-linux/android-studio/jre/lib/libjimage.so
7f8e2ba7e000-7f8e2ba80000 r--p 0001c000 08:05 4731587                    /home/khalid/Documents/android-studio-2021.1.1.22-linux/android-studio/jre/lib/libjimage.so
7f8e2ba80000-7f8e2ba81000 rw-p 0001d000 08:05 4731587                    /home/khalid/Documents/android-studio-2021.1.1.22-linux/android-studio/jre/lib/libjimage.so
7f8e2ba81000-7f8e2ba93000 rw-p 00000000 00:00 0 
7f8e2ba93000-7f8e2baa5000 r--p 00000000 08:05 4731604                    /home/khalid/Documents/android-studio-2021.1.1.22-linux/android-studio/jre/lib/libjava.so
7f8e2baa5000-7f8e2baba000 r-xp 00011000 08:05 4731604                    /home/khalid/Documents/android-studio-2021.1.1.22-linux/android-studio/jre/lib/libjava.so
7f8e2baba000-7f8e2babb000 r--p 00025000 08:05 4731604                    /home/khalid/Documents/android-studio-2021.1.1.22-linux/android-studio/jre/lib/libjava.so
7f8e2babb000-7f8e2babd000 rw-p 00025000 08:05 4731604                    /home/khalid/Documents/android-studio-2021.1.1.22-linux/android-studio/jre/lib/libjava.so
7f8e2babd000-7f8e2bac1000 ---p 00000000 00:00 0 
7f8e2bac1000-7f8e2bbc0000 rw-p 00000000 00:00 0 
7f8e2bbc0000-7f8e2bbc8000 r--p 00000000 08:05 4731580                    /home/khalid/Documents/android-studio-2021.1.1.22-linux/android-studio/jre/lib/jli/libjli.so
7f8e2bbc8000-7f8e2bbd7000 r-xp 00007000 08:05 4731580                    /home/khalid/Documents/android-studio-2021.1.1.22-linux/android-studio/jre/lib/jli/libjli.so
7f8e2bbd7000-7f8e2bbd8000 r--p 00015000 08:05 4731580                    /home/khalid/Documents/android-studio-2021.1.1.22-linux/android-studio/jre/lib/jli/libjli.so
7f8e2bbd8000-7f8e2bbda000 rw-p 00015000 08:05 4731580                    /home/khalid/Documents/android-studio-2021.1.1.22-linux/android-studio/jre/lib/jli/libjli.so
7f8e2bbda000-7f8e2bbdb000 r--p 00000000 08:05 4731610                    /home/khalid/Documents/android-studio-2021.1.1.22-linux/android-studio/jre/lib/libextnet.so
7f8e2bbdb000-7f8e2bbdd000 r-xp 00000000 08:05 4731610                    /home/khalid/Documents/android-studio-2021.1.1.22-linux/android-studio/jre/lib/libextnet.so
7f8e2bbdd000-7f8e2bbde000 r--p 00001000 08:05 4731610                    /home/khalid/Documents/android-studio-2021.1.1.22-linux/android-studio/jre/lib/libextnet.so
7f8e2bbde000-7f8e2bbdf000 rw-p 00001000 08:05 4731610                    /home/khalid/Documents/android-studio-2021.1.1.22-linux/android-studio/jre/lib/libextnet.so
7f8e2bbdf000-7f8e2bbe0000 ---p 00000000 00:00 0 
7f8e2bbe0000-7f8e2bbe1000 r--p 00000000 00:00 0 
7f8e2bbe1000-7f8e2bbe7000 r--p 00000000 08:05 4731584                    /home/khalid/Documents/android-studio-2021.1.1.22-linux/android-studio/jre/lib/libverify.so
7f8e2bbe7000-7f8e2bbf0000 r-xp 00005000 08:05 4731584                    /home/khalid/Documents/android-studio-2021.1.1.22-linux/android-studio/jre/lib/libverify.so
7f8e2bbf0000-7f8e2bbf2000 r--p 0000d000 08:05 4731584                    /home/khalid/Documents/android-studio-2021.1.1.22-linux/android-studio/jre/lib/libverify.so
7f8e2bbf2000-7f8e2bbf3000 rw-p 0000e000 08:05 4731584                    /home/khalid/Documents/android-studio-2021.1.1.22-linux/android-studio/jre/lib/libverify.so
7f8e2bbf3000-7f8e2bbf5000 rw-p 00000000 00:00 0 
7f8e2bbf5000-7f8e2bbf6000 r--p 00029000 08:05 1049756                    /lib/x86_64-linux-gnu/ld-2.27.so
7f8e2bbf6000-7f8e2bbf7000 rw-p 0002a000 08:05 1049756                    /lib/x86_64-linux-gnu/ld-2.27.so
7f8e2bbf7000-7f8e2bbf8000 rw-p 00000000 00:00 0 
7fff2e965000-7fff2e987000 rw-p 00000000 00:00 0                          [stack]
7fff2e9fb000-7fff2e9fe000 r--p 00000000 00:00 0                          [vvar]
7fff2e9fe000-7fff2ea00000 r-xp 00000000 00:00 0                          [vdso]
ffffffffff600000-ffffffffff601000 r-xp 00000000 00:00 0                  [vsyscall]


VM Arguments:
jvm_args: --add-opens=java.base/java.util=ALL-UNNAMED --add-opens=java.base/java.lang=ALL-UNNAMED --add-opens=java.base/java.lang.invoke=ALL-UNNAMED --add-opens=java.base/java.util=ALL-UNNAMED --add-opens=java.prefs/java.util.prefs=ALL-UNNAMED --add-opens=java.prefs/java.util.prefs=ALL-UNNAMED --add-opens=java.base/java.nio.charset=ALL-UNNAMED --add-opens=java.base/java.net=ALL-UNNAMED --add-opens=java.base/java.util.concurrent.atomic=ALL-UNNAMED -Xmx2048m -Dfile.encoding=UTF-8 -Duser.country=NG -Duser.language=en -Duser.variant 
java_command: org.gradle.launcher.daemon.bootstrap.GradleDaemon 7.2
java_class_path (initial): /home/khalid/.gradle/wrapper/dists/gradle-7.2-bin/2dnblmf4td7x66yl1d74lt32g/gradle-7.2/lib/gradle-launcher-7.2.jar
Launcher Type: SUN_STANDARD

[Global flags]
     intx CICompilerCount                          = 3                                         {product} {ergonomic}
     uint ConcGCThreads                            = 1                                         {product} {ergonomic}
     uint G1ConcRefinementThreads                  = 4                                         {product} {ergonomic}
   size_t G1HeapRegionSize                         = 1048576                                   {product} {ergonomic}
    uintx GCDrainStackTargetSize                   = 64                                        {product} {ergonomic}
   size_t InitialHeapSize                          = 163577856                                 {product} {ergonomic}
   size_t MarkStackSize                            = 4194304                                   {product} {ergonomic}
   size_t MaxHeapSize                              = 2147483648                                {product} {command line}
   size_t MaxNewSize                               = 1287651328                                {product} {ergonomic}
   size_t MinHeapDeltaBytes                        = 1048576                                   {product} {ergonomic}
    uintx NonNMethodCodeHeapSize                   = 5830732                                {pd product} {ergonomic}
    uintx NonProfiledCodeHeapSize                  = 122913754                              {pd product} {ergonomic}
    uintx ProfiledCodeHeapSize                     = 122913754                              {pd product} {ergonomic}
    uintx ReservedCodeCacheSize                    = 251658240                              {pd product} {ergonomic}
     bool SegmentedCodeCache                       = true                                      {product} {ergonomic}
     bool UseCompressedClassPointers               = true                                 {lp64_product} {ergonomic}
     bool UseCompressedOops                        = true                                 {lp64_product} {ergonomic}
     bool UseG1GC                                  = true                                      {product} {ergonomic}

Logging:
Log output configuration:
 #0: stdout all=warning uptime,level,tags
 #1: stderr all=off uptime,level,tags

Environment Variables:
PATH=/usr/local/sbin:/usr/local/bin:/usr/sbin:/usr/bin:/sbin:/bin:/usr/games:/usr/local/games:/snap/bin:/home/khalid/kotlin-compiler-1.5.20/kotlinc/bin
USERNAME=khalid
SHELL=/bin/bash
DISPLAY=:0
LANG=en_NG

Signal Handlers:
SIGSEGV: [libjvm.so+0xecba30], sa_mask[0]=11111111011111111101111111111110, sa_flags=SA_RESTART|SA_SIGINFO
SIGBUS: [libjvm.so+0xecba30], sa_mask[0]=11111111011111111101111111111110, sa_flags=SA_RESTART|SA_SIGINFO
SIGFPE: [libjvm.so+0xecba30], sa_mask[0]=11111111011111111101111111111110, sa_flags=SA_RESTART|SA_SIGINFO
SIGPIPE: [libjvm.so+0xd1d120], sa_mask[0]=11111111011111111101111111111110, sa_flags=SA_RESTART|SA_SIGINFO
SIGXFSZ: [libjvm.so+0xd1d120], sa_mask[0]=11111111011111111101111111111110, sa_flags=SA_RESTART|SA_SIGINFO
SIGILL: [libjvm.so+0xecba30], sa_mask[0]=11111111011111111101111111111110, sa_flags=SA_RESTART|SA_SIGINFO
SIGUSR2: [libjvm.so+0xd1d800], sa_mask[0]=00100000000000000000000000000000, sa_flags=SA_RESTART|SA_SIGINFO
SIGHUP: [libjvm.so+0xd1a260], sa_mask[0]=11111111011111111101111111111110, sa_flags=SA_RESTART|SA_SIGINFO
SIGINT: [libjvm.so+0xd1a260], sa_mask[0]=11111111011111111101111111111110, sa_flags=SA_RESTART|SA_SIGINFO
SIGTERM: [libjvm.so+0xd1a260], sa_mask[0]=11111111011111111101111111111110, sa_flags=SA_RESTART|SA_SIGINFO
SIGQUIT: [libjvm.so+0xd1a260], sa_mask[0]=11111111011111111101111111111110, sa_flags=SA_RESTART|SA_SIGINFO


---------------  S Y S T E M  ---------------

OS:DISTRIB_ID=Ubuntu
DISTRIB_RELEASE=18.04
DISTRIB_CODENAME=bionic
DISTRIB_DESCRIPTION="Ubuntu 18.04.5 LTS"
uname:Linux 4.15.0-154-generic #161-Ubuntu SMP Fri Jul 30 13:04:17 UTC 2021 x86_64
OS uptime: 0 days 2:34 hours
libc:glibc 2.27 NPTL 2.27 
rlimit (soft/hard): STACK 8192k/infinity , CORE 0k/infinity , NPROC 39520/39520 , NOFILE 4096/4096 , AS infinity/infinity , CPU infinity/infinity , DATA infinity/infinity , FSIZE infinity/infinity , MEMLOCK 65536k/65536k
load average:21.00 13.76 8.16

/proc/meminfo:
MemTotal:       10164436 kB
MemFree:          144552 kB
MemAvailable:      63904 kB
Buffers:            2004 kB
Cached:           349108 kB
SwapCached:        10592 kB
Active:          8559664 kB
Inactive:        1012140 kB
Active(anon):    8540256 kB
Inactive(anon):   987796 kB
Active(file):      19408 kB
Inactive(file):    24344 kB
Unevictable:          48 kB
Mlocked:              48 kB
SwapTotal:       2097148 kB
SwapFree:              0 kB
Dirty:               408 kB
Writeback:             0 kB
AnonPages:       9210888 kB
Mapped:           193416 kB
Shmem:            307228 kB
Slab:             214232 kB
SReclaimable:      83912 kB
SUnreclaim:       130320 kB
KernelStack:       22384 kB
PageTables:       104088 kB
NFS_Unstable:          0 kB
Bounce:                0 kB
WritebackTmp:          0 kB
CommitLimit:     7179364 kB
Committed_AS:   20799536 kB
VmallocTotal:   34359738367 kB
VmallocUsed:           0 kB
VmallocChunk:          0 kB
HardwareCorrupted:     0 kB
AnonHugePages:         0 kB
ShmemHugePages:        0 kB
ShmemPmdMapped:        0 kB
CmaTotal:              0 kB
CmaFree:               0 kB
HugePages_Total:       0
HugePages_Free:        0
HugePages_Rsvd:        0
HugePages_Surp:        0
Hugepagesize:       2048 kB
DirectMap4k:      486140 kB
DirectMap2M:     9932800 kB

/sys/kernel/mm/transparent_hugepage/enabled:
always [madvise] never
/sys/kernel/mm/transparent_hugepage/defrag (defrag/compaction efforts parameter):
always defer defer+madvise [madvise] never

Process Memory:
Virtual Size: 5585864K (peak: 5750440K)
Resident Set Size: 249636K (peak: 258548K) (anon: 249636K, file: 0K, shmem: 0K)
Swapped out: 0K
C-Heap outstanding allocations: 40541K

/proc/sys/kernel/threads-max (system-wide limit on the number of threads):
79040
/proc/sys/vm/max_map_count (maximum number of memory map areas a process may have):
65530
/proc/sys/kernel/pid_max (system-wide limit on number of process identifiers):
32768

container (cgroup) information:
container_type: cgroupv1
cpu_cpuset_cpus: 0-3
cpu_memory_nodes: 0
active_processor_count: 4
cpu_quota: -1
cpu_period: 100000
cpu_shares: -1
memory_limit_in_bytes: -1
memory_and_swap_limit_in_bytes: -2
memory_soft_limit_in_bytes: -1
memory_usage_in_bytes: 9909964800
memory_max_usage_in_bytes: 9936642048

Steal ticks since vm start: 0
Steal ticks percentage since vm start:  0.000

CPU:total 4 (initial active 4) (2 cores per cpu, 2 threads per core) family 6 model 42 stepping 7 microcode 0x2f, cmov, cx8, fxsr, mmx, sse, sse2, sse3, ssse3, sse4.1, sse4.2, popcnt, avx, clmul, ht, tsc, tscinvbit
CPU Model and flags from /proc/cpuinfo:
model name	: Intel(R) Core(TM) i3-2310M CPU @ 2.10GHz
flags		: fpu vme de pse tsc msr pae mce cx8 apic sep mtrr pge mca cmov pat pse36 clflush dts acpi mmx fxsr sse sse2 ss ht tm pbe syscall nx rdtscp lm constant_tsc arch_perfmon pebs bts rep_good nopl xtopology nonstop_tsc cpuid aperfmperf pni pclmulqdq dtes64 monitor ds_cpl vmx est tm2 ssse3 cx16 xtpr pdcm pcid sse4_1 sse4_2 x2apic popcnt tsc_deadline_timer xsave avx lahf_lm epb pti ssbd ibrs ibpb stibp tpr_shadow vnmi flexpriority ept vpid xsaveopt dtherm arat pln pts md_clear flush_l1d
Online cpus:
0-3
Offline cpus:
4-7
BIOS frequency limitation:
<Not Available>
Frequency switch latency (ns):
0
Available cpu frequencies:
<Not Available>
Current governor:
powersave
Core performance/turbo boost:
<Not Available>

Memory: 4k page, physical 10164436k(146076k free), swap 2097148k(4k free)

vm_info: OpenJDK 64-Bit Server VM (11.0.11+0-b60-7590822) for linux-amd64 JRE (11.0.11+0-b60-7590822), built on Jul 28 2021 14:39:41 by "androidbuild" with gcc Android (7284624, based on r416183b) Clang 12.0.5 (https://android.googlesource.com/toolchain/llvm-project c935d99d7cf2016289302412d708641d52d2f7ee)

END.
